Started GET "/login" for 127.0.0.1 at 2019-11-27 11:41:05 -0500

Gem::LoadError - sqlite3 is not part of the bundle. Add it to your Gemfile.:

Started POST "/__better_errors/5adf355254b62074/variables" for 127.0.0.1 at 2019-11-27 11:41:06 -0500
Started GET "/" for 127.0.0.1 at 2019-11-27 11:41:39 -0500

ActiveRecord::ConnectionNotEstablished - No connection pool with 'primary' found.:

Started POST "/__better_errors/a59760451fd20ef3/variables" for 127.0.0.1 at 2019-11-27 11:41:39 -0500
Started POST "/__better_errors/a59760451fd20ef3/variables" for 127.0.0.1 at 2019-11-27 11:41:49 -0500
Started POST "/__better_errors/a59760451fd20ef3/variables" for 127.0.0.1 at 2019-11-27 11:41:50 -0500
Started GET "/" for 127.0.0.1 at 2019-11-27 11:44:13 -0500

PG::ConnectionBad - FATAL:  database "angle_development" does not exist
:

Started POST "/__better_errors/b51f9a7ca1db316b/variables" for 127.0.0.1 at 2019-11-27 11:44:14 -0500
  [1m[35m (0.4ms)[0m  [1m[35mDROP DATABASE IF EXISTS "angle_development"[0m
  ↳ /home/melius/.rbenv/versions/2.4.0/bin/rake:22
  [1m[35m (1124.0ms)[0m  [1m[35mDROP DATABASE IF EXISTS "transmi_cable_test"[0m
  ↳ /home/melius/.rbenv/versions/2.4.0/bin/rake:22
  [1m[35m (1935.7ms)[0m  [1m[35mCREATE DATABASE "angle_development" ENCODING = 'unicode'[0m
  ↳ /home/melius/.rbenv/versions/2.4.0/bin/rake:22
  [1m[35m (945.2ms)[0m  [1m[35mCREATE DATABASE "transmi_cable_test" ENCODING = 'unicode'[0m
  ↳ /home/melius/.rbenv/versions/2.4.0/bin/rake:22
  [1m[35m (370.2ms)[0m  [1m[35mDROP DATABASE IF EXISTS "angle_development"[0m
  ↳ /home/melius/.rbenv/versions/2.4.0/bin/rake:22
  [1m[35m (0.2ms)[0m  [1m[35mDROP DATABASE IF EXISTS "angle_test"[0m
  ↳ /home/melius/.rbenv/versions/2.4.0/bin/rake:22
  [1m[35m (948.5ms)[0m  [1m[35mCREATE DATABASE "angle_development" ENCODING = 'unicode'[0m
  ↳ /home/melius/.rbenv/versions/2.4.0/bin/rake:22
  [1m[35m (1175.7ms)[0m  [1m[35mCREATE DATABASE "angle_test" ENCODING = 'unicode'[0m
  ↳ /home/melius/.rbenv/versions/2.4.0/bin/rake:22
Started GET "/" for 127.0.0.1 at 2019-11-27 11:46:20 -0500
Started GET "/singleview" for 127.0.0.1 at 2019-11-27 11:46:20 -0500
Processing by SingleviewController#index as HTML
  Rendering singleview/index.html.erb within layouts/application
  Rendered singleview/index.html.erb within layouts/application (14.5ms)
Completed 500 Internal Server Error in 1675ms (ActiveRecord: 0.0ms)



LoadError - cannot load such file -- coffee_script:
  app/views/layouts/application.html.erb:11:in `_app_views_layouts_application_html_erb___1787055405572829167_46996597992180'

Started POST "/__better_errors/cf19ff08376d0cac/variables" for 127.0.0.1 at 2019-11-27 11:46:22 -0500
Started GET "/singleview" for 127.0.0.1 at 2019-11-27 11:49:24 -0500
Processing by SingleviewController#index as HTML
  Rendering singleview/index.html.erb within layouts/application
  Rendered singleview/index.html.erb within layouts/application (0.9ms)
  Rendered layouts/partials/_topnavbar.html.erb (5.0ms)
  Rendered layouts/partials/_sidebar.html.erb (3.3ms)
  Rendered layouts/partials/_offsidebar.html.erb (44.2ms)
  Rendered layouts/partials/_footer.html.erb (0.6ms)
Completed 200 OK in 27501ms (Views: 27499.3ms | ActiveRecord: 0.0ms)


Started GET "/api/i18n/site-en.json" for 127.0.0.1 at 2019-11-27 11:49:53 -0500
Processing by ApiController#i18n as JSON
  Parameters: {"locale"=>"site-en"}
  Rendering app/assets/i18n/site-en.json
  Rendered app/assets/i18n/site-en.json (0.7ms)
Completed 200 OK in 8ms (Views: 7.0ms | ActiveRecord: 0.0ms)


Started GET "/singleview" for 127.0.0.1 at 2019-11-27 12:14:44 -0500
Processing by SingleviewController#index as HTML
  Rendering singleview/index.html.erb within layouts/application
  Rendered singleview/index.html.erb within layouts/application (1.6ms)
  Rendered layouts/partials/_topnavbar.html.erb (4.1ms)
  Rendered layouts/partials/_sidebar.html.erb (2.1ms)
  Rendered layouts/partials/_offsidebar.html.erb (30.8ms)
  Rendered layouts/partials/_footer.html.erb (0.4ms)
Completed 200 OK in 252ms (Views: 250.7ms | ActiveRecord: 0.0ms)


Started GET "/api/i18n/site-en.json" for 127.0.0.1 at 2019-11-27 12:14:44 -0500
Processing by ApiController#i18n as JSON
  Parameters: {"locale"=>"site-en"}
  Rendering app/assets/i18n/site-en.json
  Rendered app/assets/i18n/site-en.json (0.4ms)
Completed 200 OK in 6ms (Views: 4.7ms | ActiveRecord: 0.0ms)


Started GET "/api/i18n/site-es.json" for 127.0.0.1 at 2019-11-27 12:14:50 -0500
Processing by ApiController#i18n as JSON
  Parameters: {"locale"=>"site-es"}
  Rendering app/assets/i18n/site-es.json
  Rendered app/assets/i18n/site-es.json (0.4ms)
Completed 200 OK in 15ms (Views: 14.2ms | ActiveRecord: 0.0ms)


Started GET "/pages/lock" for 127.0.0.1 at 2019-11-27 12:15:07 -0500
  
ActionController::RoutingError (No route matches [GET] "/pages/lock"):
  
actionpack (5.2.1) lib/action_dispatch/middleware/debug_exceptions.rb:65:in `call'
web-console (3.7.0) lib/web_console/middleware.rb:135:in `call_app'
web-console (3.7.0) lib/web_console/middleware.rb:30:in `block in call'
web-console (3.7.0) lib/web_console/middleware.rb:20:in `catch'
web-console (3.7.0) lib/web_console/middleware.rb:20:in `call'
actionpack (5.2.1) lib/action_dispatch/middleware/show_exceptions.rb:33:in `call'
railties (5.2.1) lib/rails/rack/logger.rb:38:in `call_app'
railties (5.2.1) lib/rails/rack/logger.rb:26:in `block in call'
activesupport (5.2.1) lib/active_support/tagged_logging.rb:71:in `block in tagged'
activesupport (5.2.1) lib/active_support/tagged_logging.rb:28:in `tagged'
activesupport (5.2.1) lib/active_support/tagged_logging.rb:71:in `tagged'
railties (5.2.1) lib/rails/rack/logger.rb:26:in `call'
sprockets-rails (3.2.1) lib/sprockets/rails/quiet_assets.rb:13:in `call'
actionpack (5.2.1) lib/action_dispatch/middleware/remote_ip.rb:81:in `call'
request_store (1.4.1) lib/request_store/middleware.rb:19:in `call'
actionpack (5.2.1) lib/action_dispatch/middleware/request_id.rb:27:in `call'
rack (2.0.6) lib/rack/method_override.rb:22:in `call'
rack (2.0.6) lib/rack/runtime.rb:22:in `call'
activesupport (5.2.1) lib/active_support/cache/strategy/local_cache_middleware.rb:29:in `call'
actionpack (5.2.1) lib/action_dispatch/middleware/executor.rb:14:in `call'
actionpack (5.2.1) lib/action_dispatch/middleware/static.rb:127:in `call'
rack (2.0.6) lib/rack/sendfile.rb:111:in `call'
railties (5.2.1) lib/rails/engine.rb:524:in `call'
puma (3.12.0) lib/puma/configuration.rb:225:in `call'
puma (3.12.0) lib/puma/server.rb:658:in `handle_request'
puma (3.12.0) lib/puma/server.rb:472:in `process_client'
puma (3.12.0) lib/puma/server.rb:332:in `block in run'
puma (3.12.0) lib/puma/thread_pool.rb:133:in `block in spawn_thread'
Started GET "/index" for 127.0.0.1 at 2019-11-27 12:15:31 -0500
  
ActionController::RoutingError (No route matches [GET] "/index"):
  
actionpack (5.2.1) lib/action_dispatch/middleware/debug_exceptions.rb:65:in `call'
web-console (3.7.0) lib/web_console/middleware.rb:135:in `call_app'
web-console (3.7.0) lib/web_console/middleware.rb:30:in `block in call'
web-console (3.7.0) lib/web_console/middleware.rb:20:in `catch'
web-console (3.7.0) lib/web_console/middleware.rb:20:in `call'
actionpack (5.2.1) lib/action_dispatch/middleware/show_exceptions.rb:33:in `call'
railties (5.2.1) lib/rails/rack/logger.rb:38:in `call_app'
railties (5.2.1) lib/rails/rack/logger.rb:26:in `block in call'
activesupport (5.2.1) lib/active_support/tagged_logging.rb:71:in `block in tagged'
activesupport (5.2.1) lib/active_support/tagged_logging.rb:28:in `tagged'
activesupport (5.2.1) lib/active_support/tagged_logging.rb:71:in `tagged'
railties (5.2.1) lib/rails/rack/logger.rb:26:in `call'
sprockets-rails (3.2.1) lib/sprockets/rails/quiet_assets.rb:13:in `call'
actionpack (5.2.1) lib/action_dispatch/middleware/remote_ip.rb:81:in `call'
request_store (1.4.1) lib/request_store/middleware.rb:19:in `call'
actionpack (5.2.1) lib/action_dispatch/middleware/request_id.rb:27:in `call'
rack (2.0.6) lib/rack/method_override.rb:22:in `call'
rack (2.0.6) lib/rack/runtime.rb:22:in `call'
activesupport (5.2.1) lib/active_support/cache/strategy/local_cache_middleware.rb:29:in `call'
actionpack (5.2.1) lib/action_dispatch/middleware/executor.rb:14:in `call'
actionpack (5.2.1) lib/action_dispatch/middleware/static.rb:127:in `call'
rack (2.0.6) lib/rack/sendfile.rb:111:in `call'
railties (5.2.1) lib/rails/engine.rb:524:in `call'
puma (3.12.0) lib/puma/configuration.rb:225:in `call'
puma (3.12.0) lib/puma/server.rb:658:in `handle_request'
puma (3.12.0) lib/puma/server.rb:472:in `process_client'
puma (3.12.0) lib/puma/server.rb:332:in `block in run'
puma (3.12.0) lib/puma/thread_pool.rb:133:in `block in spawn_thread'
Started GET "/" for 127.0.0.1 at 2019-11-27 12:15:49 -0500
Started GET "/singleview" for 127.0.0.1 at 2019-11-27 12:15:49 -0500
Processing by SingleviewController#index as HTML
  Rendering singleview/index.html.erb within layouts/application
  Rendered singleview/index.html.erb within layouts/application (0.8ms)
  Rendered layouts/partials/_topnavbar.html.erb (3.5ms)
  Rendered layouts/partials/_sidebar.html.erb (2.6ms)
  Rendered layouts/partials/_offsidebar.html.erb (27.1ms)
  Rendered layouts/partials/_footer.html.erb (0.8ms)
Completed 200 OK in 217ms (Views: 215.8ms | ActiveRecord: 0.0ms)


Started GET "/api/i18n/site-es.json" for 127.0.0.1 at 2019-11-27 12:15:50 -0500
Processing by ApiController#i18n as JSON
  Parameters: {"locale"=>"site-es"}
  Rendering app/assets/i18n/site-es.json
  Rendered app/assets/i18n/site-es.json (0.6ms)
Completed 200 OK in 9ms (Views: 7.9ms | ActiveRecord: 0.0ms)


  [1m[35m (893.3ms)[0m  [1m[35mCREATE TABLE "schema_migrations" ("version" character varying NOT NULL PRIMARY KEY)[0m
  ↳ bin/rails:4
  [1m[35m (221.7ms)[0m  [1m[35mCREATE TABLE "ar_internal_metadata" ("key" character varying NOT NULL PRIMARY KEY, "value" character varying, "created_at" timestamp NOT NULL, "updated_at" timestamp NOT NULL)[0m
  ↳ bin/rails:4
  [1m[35m (29.2ms)[0m  [1m[34mSELECT pg_try_advisory_lock(5963656065105634875)[0m
  ↳ bin/rails:4
  [1m[35m (1.9ms)[0m  [1m[34mSELECT "schema_migrations"."version" FROM "schema_migrations" ORDER BY "schema_migrations"."version" ASC[0m
  ↳ bin/rails:4
Migrating to DeviseCreateUsers (20191127181010)
  [1m[35m (0.3ms)[0m  [1m[35mBEGIN[0m
  ↳ bin/rails:4
  [1m[35m (574.3ms)[0m  [1m[35mCREATE TABLE "users" ("id" bigserial primary key, "email" character varying DEFAULT '' NOT NULL, "encrypted_password" character varying DEFAULT '' NOT NULL, "reset_password_token" character varying, "reset_password_sent_at" timestamp, "remember_created_at" timestamp, "created_at" timestamp NOT NULL, "updated_at" timestamp NOT NULL)[0m
  ↳ db/migrate/20191127181010_devise_create_users.rb:5
  [1m[35m (73.9ms)[0m  [1m[35mCREATE UNIQUE INDEX  "index_users_on_email" ON "users"  ("email")[0m
  ↳ db/migrate/20191127181010_devise_create_users.rb:39
  [1m[35m (53.1ms)[0m  [1m[35mCREATE UNIQUE INDEX  "index_users_on_reset_password_token" ON "users"  ("reset_password_token")[0m
  ↳ db/migrate/20191127181010_devise_create_users.rb:40
  [1m[36mActiveRecord::SchemaMigration Create (23.9ms)[0m  [1m[32mINSERT INTO "schema_migrations" ("version") VALUES ($1) RETURNING "version"[0m  [["version", "20191127181010"]]
  ↳ bin/rails:4
  [1m[35m (73.6ms)[0m  [1m[35mCOMMIT[0m
  ↳ bin/rails:4
  [1m[36mActiveRecord::InternalMetadata Load (0.5ms)[0m  [1m[34mSELECT  "ar_internal_metadata".* FROM "ar_internal_metadata" WHERE "ar_internal_metadata"."key" = $1 LIMIT $2[0m  [["key", "environment"], ["LIMIT", 1]]
  ↳ bin/rails:4
  [1m[35m (0.3ms)[0m  [1m[35mBEGIN[0m
  ↳ bin/rails:4
  [1m[36mActiveRecord::InternalMetadata Create (31.8ms)[0m  [1m[32mINSERT INTO "ar_internal_metadata" ("key", "value", "created_at", "updated_at") VALUES ($1, $2, $3, $4) RETURNING "key"[0m  [["key", "environment"], ["value", "development"], ["created_at", "2019-11-27 18:10:25.099439"], ["updated_at", "2019-11-27 18:10:25.099439"]]
  ↳ bin/rails:4
  [1m[35m (41.5ms)[0m  [1m[35mCOMMIT[0m
  ↳ bin/rails:4
  [1m[35m (0.6ms)[0m  [1m[34mSELECT pg_advisory_unlock(5963656065105634875)[0m
  ↳ bin/rails:4
  [1m[35m (0.5ms)[0m  [1m[34mSELECT "schema_migrations"."version" FROM "schema_migrations" ORDER BY "schema_migrations"."version" ASC[0m
  ↳ bin/rails:4
Started GET "/signup" for 127.0.0.1 at 2019-11-27 13:12:02 -0500
  [1m[35m (0.8ms)[0m  [1m[34mSELECT "schema_migrations"."version" FROM "schema_migrations" ORDER BY "schema_migrations"."version" ASC[0m
  ↳ /home/melius/.rbenv/versions/2.4.0/lib/ruby/gems/2.4.0/gems/activerecord-5.2.1/lib/active_record/log_subscriber.rb:98
  
ActionController::RoutingError (No route matches [GET] "/signup"):
  
actionpack (5.2.1) lib/action_dispatch/middleware/debug_exceptions.rb:65:in `call'
web-console (3.7.0) lib/web_console/middleware.rb:135:in `call_app'
web-console (3.7.0) lib/web_console/middleware.rb:30:in `block in call'
web-console (3.7.0) lib/web_console/middleware.rb:20:in `catch'
web-console (3.7.0) lib/web_console/middleware.rb:20:in `call'
actionpack (5.2.1) lib/action_dispatch/middleware/show_exceptions.rb:33:in `call'
railties (5.2.1) lib/rails/rack/logger.rb:38:in `call_app'
railties (5.2.1) lib/rails/rack/logger.rb:26:in `block in call'
activesupport (5.2.1) lib/active_support/tagged_logging.rb:71:in `block in tagged'
activesupport (5.2.1) lib/active_support/tagged_logging.rb:28:in `tagged'
activesupport (5.2.1) lib/active_support/tagged_logging.rb:71:in `tagged'
railties (5.2.1) lib/rails/rack/logger.rb:26:in `call'
sprockets-rails (3.2.1) lib/sprockets/rails/quiet_assets.rb:13:in `call'
actionpack (5.2.1) lib/action_dispatch/middleware/remote_ip.rb:81:in `call'
request_store (1.4.1) lib/request_store/middleware.rb:19:in `call'
actionpack (5.2.1) lib/action_dispatch/middleware/request_id.rb:27:in `call'
rack (2.0.6) lib/rack/method_override.rb:22:in `call'
rack (2.0.6) lib/rack/runtime.rb:22:in `call'
activesupport (5.2.1) lib/active_support/cache/strategy/local_cache_middleware.rb:29:in `call'
actionpack (5.2.1) lib/action_dispatch/middleware/executor.rb:14:in `call'
actionpack (5.2.1) lib/action_dispatch/middleware/static.rb:127:in `call'
rack (2.0.6) lib/rack/sendfile.rb:111:in `call'
railties (5.2.1) lib/rails/engine.rb:524:in `call'
puma (3.12.0) lib/puma/configuration.rb:225:in `call'
puma (3.12.0) lib/puma/server.rb:658:in `handle_request'
puma (3.12.0) lib/puma/server.rb:472:in `process_client'
puma (3.12.0) lib/puma/server.rb:332:in `block in run'
puma (3.12.0) lib/puma/thread_pool.rb:133:in `block in spawn_thread'
Started GET "/users/sign_up" for 127.0.0.1 at 2019-11-27 13:12:10 -0500
Processing by Devise::RegistrationsController#new as HTML
  Rendering /home/melius/.rbenv/versions/2.4.0/lib/ruby/gems/2.4.0/gems/devise-4.7.1/app/views/devise/registrations/new.html.erb within layouts/application
  Rendered /home/melius/.rbenv/versions/2.4.0/lib/ruby/gems/2.4.0/gems/devise-4.7.1/app/views/devise/shared/_error_messages.html.erb (2.4ms)
  Rendered /home/melius/.rbenv/versions/2.4.0/lib/ruby/gems/2.4.0/gems/devise-4.7.1/app/views/devise/shared/_links.html.erb (4.2ms)
  Rendered /home/melius/.rbenv/versions/2.4.0/lib/ruby/gems/2.4.0/gems/devise-4.7.1/app/views/devise/registrations/new.html.erb within layouts/application (163.5ms)
Completed 500 Internal Server Error in 20442ms (ActiveRecord: 8.9ms)



Sprockets::Rails::Helper::AssetNotFound - The asset "devise/registrations.css" is not present in the asset pipeline.:
  app/views/layouts/application.html.erb:13:in `_app_views_layouts_application_html_erb___614572724886392443_47394536070100'

Started POST "/__better_errors/4a85ad711d573238/variables" for 127.0.0.1 at 2019-11-27 13:12:30 -0500
Started GET "/users/sign_up" for 127.0.0.1 at 2019-11-27 13:13:48 -0500
  [1m[35m (1.0ms)[0m  [1m[34mSELECT "schema_migrations"."version" FROM "schema_migrations" ORDER BY "schema_migrations"."version" ASC[0m
  ↳ /home/melius/.rbenv/versions/2.4.0/lib/ruby/gems/2.4.0/gems/activerecord-5.2.1/lib/active_record/log_subscriber.rb:98
Processing by Devise::RegistrationsController#new as HTML
  Rendering /home/melius/.rbenv/versions/2.4.0/lib/ruby/gems/2.4.0/gems/devise-4.7.1/app/views/devise/registrations/new.html.erb within layouts/application
  Rendered /home/melius/.rbenv/versions/2.4.0/lib/ruby/gems/2.4.0/gems/devise-4.7.1/app/views/devise/shared/_error_messages.html.erb (0.9ms)
  Rendered /home/melius/.rbenv/versions/2.4.0/lib/ruby/gems/2.4.0/gems/devise-4.7.1/app/views/devise/shared/_links.html.erb (1.4ms)
  Rendered /home/melius/.rbenv/versions/2.4.0/lib/ruby/gems/2.4.0/gems/devise-4.7.1/app/views/devise/registrations/new.html.erb within layouts/application (50.9ms)
Completed 500 Internal Server Error in 6153ms (ActiveRecord: 8.9ms)



Sprockets::Rails::Helper::AssetNotFound - The asset "devise/registrations.css" is not present in the asset pipeline.:
  app/views/layouts/application.html.erb:13:in `_app_views_layouts_application_html_erb__1351464455568293964_47168025226800'

Started POST "/__better_errors/872cee69010a8e09/variables" for 127.0.0.1 at 2019-11-27 13:13:54 -0500
Started GET "/users/sign_up" for 127.0.0.1 at 2019-11-27 13:15:29 -0500
  [1m[35m (1.3ms)[0m  [1m[34mSELECT "schema_migrations"."version" FROM "schema_migrations" ORDER BY "schema_migrations"."version" ASC[0m
  ↳ /home/melius/.rbenv/versions/2.4.0/lib/ruby/gems/2.4.0/gems/activerecord-5.2.1/lib/active_record/log_subscriber.rb:98
Processing by Devise::RegistrationsController#new as HTML
  Rendering /home/melius/.rbenv/versions/2.4.0/lib/ruby/gems/2.4.0/gems/devise-4.7.1/app/views/devise/registrations/new.html.erb within layouts/application
  Rendered /home/melius/.rbenv/versions/2.4.0/lib/ruby/gems/2.4.0/gems/devise-4.7.1/app/views/devise/shared/_error_messages.html.erb (1.6ms)
  Rendered /home/melius/.rbenv/versions/2.4.0/lib/ruby/gems/2.4.0/gems/devise-4.7.1/app/views/devise/shared/_links.html.erb (1.7ms)
  Rendered /home/melius/.rbenv/versions/2.4.0/lib/ruby/gems/2.4.0/gems/devise-4.7.1/app/views/devise/registrations/new.html.erb within layouts/application (54.2ms)
Completed 500 Internal Server Error in 5250ms (ActiveRecord: 5.7ms)



Sprockets::Rails::Helper::AssetNotFound - The asset "devise/registrations.css" is not present in the asset pipeline.:
  app/views/layouts/application.html.erb:13:in `_app_views_layouts_application_html_erb___3665345188921439392_47407328437700'

Started POST "/__better_errors/02f6ec8ebeb90363/variables" for 127.0.0.1 at 2019-11-27 13:15:35 -0500
Started GET "/users/sign_up" for 127.0.0.1 at 2019-11-27 13:18:27 -0500
  [1m[35m (1.0ms)[0m  [1m[34mSELECT "schema_migrations"."version" FROM "schema_migrations" ORDER BY "schema_migrations"."version" ASC[0m
  ↳ /home/melius/.rbenv/versions/2.4.0/lib/ruby/gems/2.4.0/gems/activerecord-5.2.1/lib/active_record/log_subscriber.rb:98
Processing by Devise::RegistrationsController#new as HTML
  Rendering /home/melius/.rbenv/versions/2.4.0/lib/ruby/gems/2.4.0/gems/devise-4.7.1/app/views/devise/registrations/new.html.erb within layouts/application
  Rendered /home/melius/.rbenv/versions/2.4.0/lib/ruby/gems/2.4.0/gems/devise-4.7.1/app/views/devise/shared/_error_messages.html.erb (0.9ms)
  Rendered /home/melius/.rbenv/versions/2.4.0/lib/ruby/gems/2.4.0/gems/devise-4.7.1/app/views/devise/shared/_links.html.erb (4.4ms)
  Rendered /home/melius/.rbenv/versions/2.4.0/lib/ruby/gems/2.4.0/gems/devise-4.7.1/app/views/devise/registrations/new.html.erb within layouts/application (97.8ms)
Completed 500 Internal Server Error in 1907ms (ActiveRecord: 5.7ms)



SassC::SyntaxError - Error: Invalid CSS after " */": expected 1 selector or at-rule, was "*= require_tree ."
        on line 15 of app/assets/stylesheets/application.css.scss
>>  */

   ---^
:
  app/views/layouts/application.html.erb:11:in `_app_views_layouts_application_html_erb__1516426501463418268_47335778402440'

Started POST "/__better_errors/aa74f8d91b2acbdb/variables" for 127.0.0.1 at 2019-11-27 13:18:29 -0500
Started GET "/users/sign_up" for 127.0.0.1 at 2019-11-27 13:19:04 -0500
  [1m[35m (3.2ms)[0m  [1m[34mSELECT "schema_migrations"."version" FROM "schema_migrations" ORDER BY "schema_migrations"."version" ASC[0m
  ↳ /home/melius/.rbenv/versions/2.4.0/lib/ruby/gems/2.4.0/gems/activerecord-5.2.1/lib/active_record/log_subscriber.rb:98
Processing by Devise::RegistrationsController#new as HTML
  Rendering /home/melius/.rbenv/versions/2.4.0/lib/ruby/gems/2.4.0/gems/devise-4.7.1/app/views/devise/registrations/new.html.erb within layouts/application
  Rendered /home/melius/.rbenv/versions/2.4.0/lib/ruby/gems/2.4.0/gems/devise-4.7.1/app/views/devise/shared/_error_messages.html.erb (0.6ms)
  Rendered /home/melius/.rbenv/versions/2.4.0/lib/ruby/gems/2.4.0/gems/devise-4.7.1/app/views/devise/shared/_links.html.erb (3.0ms)
  Rendered /home/melius/.rbenv/versions/2.4.0/lib/ruby/gems/2.4.0/gems/devise-4.7.1/app/views/devise/registrations/new.html.erb within layouts/application (18.2ms)
Completed 500 Internal Server Error in 1197ms (ActiveRecord: 6.3ms)



SassC::SyntaxError - Error: Undefined variable: "$container-max-widths".
        on line 12 of app/assets/stylesheets/angle/app/common/bootstrap-custom.scss
>>     max-width: map-get($container-max-widths, "sm");

   -----------------------^
:
  app/views/layouts/application.html.erb:11:in `_app_views_layouts_application_html_erb__4383436832647189636_47294580761280'

Started POST "/__better_errors/f4b466fb9dd6a6bb/variables" for 127.0.0.1 at 2019-11-27 13:19:06 -0500
Started GET "/users/sign_up" for 127.0.0.1 at 2019-11-27 13:19:44 -0500
  [1m[35m (1.0ms)[0m  [1m[34mSELECT "schema_migrations"."version" FROM "schema_migrations" ORDER BY "schema_migrations"."version" ASC[0m
  ↳ /home/melius/.rbenv/versions/2.4.0/lib/ruby/gems/2.4.0/gems/activerecord-5.2.1/lib/active_record/log_subscriber.rb:98
Processing by Devise::RegistrationsController#new as HTML
  Rendering /home/melius/.rbenv/versions/2.4.0/lib/ruby/gems/2.4.0/gems/devise-4.7.1/app/views/devise/registrations/new.html.erb within layouts/application
  Rendered /home/melius/.rbenv/versions/2.4.0/lib/ruby/gems/2.4.0/gems/devise-4.7.1/app/views/devise/shared/_error_messages.html.erb (1.1ms)
  Rendered /home/melius/.rbenv/versions/2.4.0/lib/ruby/gems/2.4.0/gems/devise-4.7.1/app/views/devise/shared/_links.html.erb (2.0ms)
  Rendered /home/melius/.rbenv/versions/2.4.0/lib/ruby/gems/2.4.0/gems/devise-4.7.1/app/views/devise/registrations/new.html.erb within layouts/application (18.7ms)
Completed 500 Internal Server Error in 651ms (ActiveRecord: 7.3ms)



SassC::SyntaxError - Error: Undefined variable: "$container-max-widths".
        on line 12 of app/assets/stylesheets/angle/app/common/bootstrap-custom.scss
>>     max-width: map-get($container-max-widths, "sm");

   -----------------------^
:
  app/views/layouts/application.html.erb:11:in `_app_views_layouts_application_html_erb__1625244194461012309_47316646520740'

Started POST "/__better_errors/532c5da036dc891b/variables" for 127.0.0.1 at 2019-11-27 13:19:45 -0500
Started GET "/users/sign_up" for 127.0.0.1 at 2019-11-27 13:20:55 -0500
  [1m[35m (0.8ms)[0m  [1m[34mSELECT "schema_migrations"."version" FROM "schema_migrations" ORDER BY "schema_migrations"."version" ASC[0m
  ↳ /home/melius/.rbenv/versions/2.4.0/lib/ruby/gems/2.4.0/gems/activerecord-5.2.1/lib/active_record/log_subscriber.rb:98
Processing by Devise::RegistrationsController#new as HTML
  Rendering /home/melius/.rbenv/versions/2.4.0/lib/ruby/gems/2.4.0/gems/devise-4.7.1/app/views/devise/registrations/new.html.erb within layouts/application
  Rendered /home/melius/.rbenv/versions/2.4.0/lib/ruby/gems/2.4.0/gems/devise-4.7.1/app/views/devise/shared/_error_messages.html.erb (1.0ms)
  Rendered /home/melius/.rbenv/versions/2.4.0/lib/ruby/gems/2.4.0/gems/devise-4.7.1/app/views/devise/shared/_links.html.erb (2.1ms)
  Rendered /home/melius/.rbenv/versions/2.4.0/lib/ruby/gems/2.4.0/gems/devise-4.7.1/app/views/devise/registrations/new.html.erb within layouts/application (19.5ms)
Completed 500 Internal Server Error in 732ms (ActiveRecord: 6.4ms)



SassC::SyntaxError - Error: Undefined variable: "$container-max-widths".
        on line 12 of app/assets/stylesheets/angle/app/common/bootstrap-custom.scss
>>     max-width: map-get($container-max-widths, "sm");

   -----------------------^
:
  app/views/layouts/application.html.erb:11:in `_app_views_layouts_application_html_erb__1534059773400702488_47259012288860'

Started POST "/__better_errors/b2acf0c827c60571/variables" for 127.0.0.1 at 2019-11-27 13:20:56 -0500
Started GET "/users/sign_up" for 127.0.0.1 at 2019-11-27 13:21:50 -0500
  [1m[35m (1.1ms)[0m  [1m[34mSELECT "schema_migrations"."version" FROM "schema_migrations" ORDER BY "schema_migrations"."version" ASC[0m
  ↳ /home/melius/.rbenv/versions/2.4.0/lib/ruby/gems/2.4.0/gems/activerecord-5.2.1/lib/active_record/log_subscriber.rb:98
Processing by Devise::RegistrationsController#new as HTML
  Rendering /home/melius/.rbenv/versions/2.4.0/lib/ruby/gems/2.4.0/gems/devise-4.7.1/app/views/devise/registrations/new.html.erb within layouts/application
  Rendered /home/melius/.rbenv/versions/2.4.0/lib/ruby/gems/2.4.0/gems/devise-4.7.1/app/views/devise/shared/_error_messages.html.erb (1.3ms)
  Rendered /home/melius/.rbenv/versions/2.4.0/lib/ruby/gems/2.4.0/gems/devise-4.7.1/app/views/devise/shared/_links.html.erb (2.2ms)
  Rendered /home/melius/.rbenv/versions/2.4.0/lib/ruby/gems/2.4.0/gems/devise-4.7.1/app/views/devise/registrations/new.html.erb within layouts/application (19.5ms)
Completed 500 Internal Server Error in 843ms (ActiveRecord: 7.0ms)



Sprockets::FileNotFound - couldn't find file 'jquery_ujs' with type 'application/javascript'
Checked in these paths: 
  /home/melius/Development/angle-basic-rails/app/assets/api
  /home/melius/Development/angle-basic-rails/app/assets/i18n
  /home/melius/Development/angle-basic-rails/app/assets/images
  /home/melius/Development/angle-basic-rails/app/assets/javascripts
  /home/melius/Development/angle-basic-rails/app/assets/stylesheets
  /home/melius/Development/angle-basic-rails/vendor/assets/javascripts
  /home/melius/Development/angle-basic-rails/vendor/assets/stylesheets
  /home/melius/.rbenv/versions/2.4.0/lib/ruby/gems/2.4.0/gems/coffee-rails-4.2.2/lib/assets/javascripts
  /home/melius/.rbenv/versions/2.4.0/lib/ruby/gems/2.4.0/gems/actioncable-5.2.1/lib/assets/compiled
  /home/melius/.rbenv/versions/2.4.0/lib/ruby/gems/2.4.0/gems/activestorage-5.2.1/app/assets/javascripts
  /home/melius/.rbenv/versions/2.4.0/lib/ruby/gems/2.4.0/gems/actionview-5.2.1/lib/assets/compiled
  /home/melius/Development/angle-basic-rails/vendor/assets/node_modules
  /home/melius/Development/angle-basic-rails/node_modules:
  app/views/layouts/application.html.erb:11:in `_app_views_layouts_application_html_erb__199036929800933869_47197395573580'

Started POST "/__better_errors/4b8700f107ff0710/variables" for 127.0.0.1 at 2019-11-27 13:21:52 -0500
Started GET "/users/sign_up" for 127.0.0.1 at 2019-11-27 13:22:03 -0500
Processing by Devise::RegistrationsController#new as HTML
  Rendering /home/melius/.rbenv/versions/2.4.0/lib/ruby/gems/2.4.0/gems/devise-4.7.1/app/views/devise/registrations/new.html.erb within layouts/application
  Rendered /home/melius/.rbenv/versions/2.4.0/lib/ruby/gems/2.4.0/gems/devise-4.7.1/app/views/devise/shared/_error_messages.html.erb (1.0ms)
  Rendered /home/melius/.rbenv/versions/2.4.0/lib/ruby/gems/2.4.0/gems/devise-4.7.1/app/views/devise/shared/_links.html.erb (1.3ms)
  Rendered /home/melius/.rbenv/versions/2.4.0/lib/ruby/gems/2.4.0/gems/devise-4.7.1/app/views/devise/registrations/new.html.erb within layouts/application (8.8ms)
Completed 500 Internal Server Error in 91ms (ActiveRecord: 0.0ms)



Sprockets::FileNotFound - couldn't find file 'jquery-ui' with type 'application/javascript'
Checked in these paths: 
  /home/melius/Development/angle-basic-rails/app/assets/api
  /home/melius/Development/angle-basic-rails/app/assets/i18n
  /home/melius/Development/angle-basic-rails/app/assets/images
  /home/melius/Development/angle-basic-rails/app/assets/javascripts
  /home/melius/Development/angle-basic-rails/app/assets/stylesheets
  /home/melius/Development/angle-basic-rails/vendor/assets/javascripts
  /home/melius/Development/angle-basic-rails/vendor/assets/stylesheets
  /home/melius/.rbenv/versions/2.4.0/lib/ruby/gems/2.4.0/gems/coffee-rails-4.2.2/lib/assets/javascripts
  /home/melius/.rbenv/versions/2.4.0/lib/ruby/gems/2.4.0/gems/actioncable-5.2.1/lib/assets/compiled
  /home/melius/.rbenv/versions/2.4.0/lib/ruby/gems/2.4.0/gems/activestorage-5.2.1/app/assets/javascripts
  /home/melius/.rbenv/versions/2.4.0/lib/ruby/gems/2.4.0/gems/actionview-5.2.1/lib/assets/compiled
  /home/melius/Development/angle-basic-rails/vendor/assets/node_modules
  /home/melius/Development/angle-basic-rails/node_modules:
  app/views/layouts/application.html.erb:11:in `_app_views_layouts_application_html_erb__199036929800933869_69985351290620'

Started POST "/__better_errors/bf77761fb25cc06d/variables" for 127.0.0.1 at 2019-11-27 13:22:04 -0500
Started GET "/users/sign_up" for 127.0.0.1 at 2019-11-27 13:22:11 -0500
Processing by Devise::RegistrationsController#new as HTML
  Rendering /home/melius/.rbenv/versions/2.4.0/lib/ruby/gems/2.4.0/gems/devise-4.7.1/app/views/devise/registrations/new.html.erb within layouts/application
  Rendered /home/melius/.rbenv/versions/2.4.0/lib/ruby/gems/2.4.0/gems/devise-4.7.1/app/views/devise/shared/_error_messages.html.erb (0.8ms)
  Rendered /home/melius/.rbenv/versions/2.4.0/lib/ruby/gems/2.4.0/gems/devise-4.7.1/app/views/devise/shared/_links.html.erb (1.5ms)
  Rendered /home/melius/.rbenv/versions/2.4.0/lib/ruby/gems/2.4.0/gems/devise-4.7.1/app/views/devise/registrations/new.html.erb within layouts/application (9.5ms)
Completed 500 Internal Server Error in 378ms (ActiveRecord: 0.0ms)



SassC::SyntaxError - Error: Undefined variable: "$container-max-widths".
        on line 12 of app/assets/stylesheets/angle/app/common/bootstrap-custom.scss
>>     max-width: map-get($container-max-widths, "sm");

   -----------------------^
:
  app/views/layouts/application.html.erb:11:in `_app_views_layouts_application_html_erb__199036929800933869_69985381119100'

Started POST "/__better_errors/baef6a3387123431/variables" for 127.0.0.1 at 2019-11-27 13:22:11 -0500
Started GET "/users/sign_up" for 127.0.0.1 at 2019-11-27 13:29:40 -0500
  [1m[35m (0.9ms)[0m  [1m[34mSELECT "schema_migrations"."version" FROM "schema_migrations" ORDER BY "schema_migrations"."version" ASC[0m
  ↳ /home/melius/.rbenv/versions/2.4.0/lib/ruby/gems/2.4.0/gems/activerecord-5.2.1/lib/active_record/log_subscriber.rb:98
Processing by Devise::RegistrationsController#new as HTML
  Rendering /home/melius/.rbenv/versions/2.4.0/lib/ruby/gems/2.4.0/gems/devise-4.7.1/app/views/devise/registrations/new.html.erb within layouts/application
  Rendered /home/melius/.rbenv/versions/2.4.0/lib/ruby/gems/2.4.0/gems/devise-4.7.1/app/views/devise/shared/_error_messages.html.erb (0.9ms)
  Rendered /home/melius/.rbenv/versions/2.4.0/lib/ruby/gems/2.4.0/gems/devise-4.7.1/app/views/devise/shared/_links.html.erb (1.8ms)
  Rendered /home/melius/.rbenv/versions/2.4.0/lib/ruby/gems/2.4.0/gems/devise-4.7.1/app/views/devise/registrations/new.html.erb within layouts/application (95.1ms)
Completed 500 Internal Server Error in 2425ms (ActiveRecord: 7.5ms)



SassC::SyntaxError - Error: Undefined variable: "$container-max-widths".
        on line 12 of app/assets/stylesheets/angle/app/common/bootstrap-custom.scss
>>     max-width: map-get($container-max-widths, "sm");

   -----------------------^
:
  app/views/layouts/application.html.erb:11:in `_app_views_layouts_application_html_erb__91496588118491988_47032855163500'

Started POST "/__better_errors/354b8736fec49b60/variables" for 127.0.0.1 at 2019-11-27 13:29:43 -0500
Started GET "/users/sign_up" for 127.0.0.1 at 2019-11-27 13:30:48 -0500
  [1m[35m (1.3ms)[0m  [1m[34mSELECT "schema_migrations"."version" FROM "schema_migrations" ORDER BY "schema_migrations"."version" ASC[0m
  ↳ /home/melius/.rbenv/versions/2.4.0/lib/ruby/gems/2.4.0/gems/activerecord-5.2.1/lib/active_record/log_subscriber.rb:98
Processing by Devise::RegistrationsController#new as HTML
  Rendering /home/melius/.rbenv/versions/2.4.0/lib/ruby/gems/2.4.0/gems/devise-4.7.1/app/views/devise/registrations/new.html.erb within layouts/application
  Rendered /home/melius/.rbenv/versions/2.4.0/lib/ruby/gems/2.4.0/gems/devise-4.7.1/app/views/devise/shared/_error_messages.html.erb (0.8ms)
  Rendered /home/melius/.rbenv/versions/2.4.0/lib/ruby/gems/2.4.0/gems/devise-4.7.1/app/views/devise/shared/_links.html.erb (1.4ms)
  Rendered /home/melius/.rbenv/versions/2.4.0/lib/ruby/gems/2.4.0/gems/devise-4.7.1/app/views/devise/registrations/new.html.erb within layouts/application (18.3ms)
Completed 500 Internal Server Error in 4570ms (ActiveRecord: 6.7ms)



SassC::SyntaxError - Error: Undefined variable: "$container-max-widths".
        on line 12 of app/assets/stylesheets/angle/app/common/bootstrap-custom.scss
>>     max-width: map-get($container-max-widths, "sm");

   -----------------------^
:
  app/views/layouts/application.html.erb:11:in `_app_views_layouts_application_html_erb__2809652498911060076_47294096256720'

Started POST "/__better_errors/dc3f71325d8b6a4c/variables" for 127.0.0.1 at 2019-11-27 13:30:53 -0500
Started GET "/users/index" for 127.0.0.1 at 2019-11-27 13:40:39 -0500
  
ActionController::RoutingError (No route matches [GET] "/users/index"):
  
actionpack (5.2.1) lib/action_dispatch/middleware/debug_exceptions.rb:65:in `call'
web-console (3.7.0) lib/web_console/middleware.rb:135:in `call_app'
web-console (3.7.0) lib/web_console/middleware.rb:30:in `block in call'
web-console (3.7.0) lib/web_console/middleware.rb:20:in `catch'
web-console (3.7.0) lib/web_console/middleware.rb:20:in `call'
actionpack (5.2.1) lib/action_dispatch/middleware/show_exceptions.rb:33:in `call'
railties (5.2.1) lib/rails/rack/logger.rb:38:in `call_app'
railties (5.2.1) lib/rails/rack/logger.rb:26:in `block in call'
activesupport (5.2.1) lib/active_support/tagged_logging.rb:71:in `block in tagged'
activesupport (5.2.1) lib/active_support/tagged_logging.rb:28:in `tagged'
activesupport (5.2.1) lib/active_support/tagged_logging.rb:71:in `tagged'
railties (5.2.1) lib/rails/rack/logger.rb:26:in `call'
sprockets-rails (3.2.1) lib/sprockets/rails/quiet_assets.rb:13:in `call'
actionpack (5.2.1) lib/action_dispatch/middleware/remote_ip.rb:81:in `call'
request_store (1.4.1) lib/request_store/middleware.rb:19:in `call'
actionpack (5.2.1) lib/action_dispatch/middleware/request_id.rb:27:in `call'
rack (2.0.6) lib/rack/method_override.rb:22:in `call'
rack (2.0.6) lib/rack/runtime.rb:22:in `call'
activesupport (5.2.1) lib/active_support/cache/strategy/local_cache_middleware.rb:29:in `call'
actionpack (5.2.1) lib/action_dispatch/middleware/executor.rb:14:in `call'
actionpack (5.2.1) lib/action_dispatch/middleware/static.rb:127:in `call'
rack (2.0.6) lib/rack/sendfile.rb:111:in `call'
railties (5.2.1) lib/rails/engine.rb:524:in `call'
puma (3.12.0) lib/puma/configuration.rb:225:in `call'
puma (3.12.0) lib/puma/server.rb:658:in `handle_request'
puma (3.12.0) lib/puma/server.rb:472:in `process_client'
puma (3.12.0) lib/puma/server.rb:332:in `block in run'
puma (3.12.0) lib/puma/thread_pool.rb:133:in `block in spawn_thread'
Started GET "/" for 127.0.0.1 at 2019-11-27 13:40:59 -0500
Started GET "/singleview" for 127.0.0.1 at 2019-11-27 13:40:59 -0500
Processing by SingleviewController#index as HTML
  Rendering singleview/index.html.erb within layouts/application
  Rendered singleview/index.html.erb within layouts/application (1.0ms)
Completed 500 Internal Server Error in 2996ms (ActiveRecord: 0.0ms)



SassC::SyntaxError - Error: Undefined variable: "$container-max-widths".
        on line 12 of app/assets/stylesheets/angle/app/common/bootstrap-custom.scss
>>     max-width: map-get($container-max-widths, "sm");

   -----------------------^
:
  app/views/layouts/application.html.erb:11:in `_app_views_layouts_application_html_erb__2809652498911060076_70193429900080'

Started POST "/__better_errors/acf64a04751a8d01/variables" for 127.0.0.1 at 2019-11-27 13:41:03 -0500
Started GET "/singleview" for 127.0.0.1 at 2019-11-27 13:43:06 -0500
  [1m[35m (1.7ms)[0m  [1m[34mSELECT "schema_migrations"."version" FROM "schema_migrations" ORDER BY "schema_migrations"."version" ASC[0m
  ↳ /home/melius/.rbenv/versions/2.4.0/lib/ruby/gems/2.4.0/gems/activerecord-5.2.1/lib/active_record/log_subscriber.rb:98
Processing by SingleviewController#index as HTML
  Rendering singleview/index.html.erb within layouts/application
  Rendered singleview/index.html.erb within layouts/application (1.3ms)
  Rendered layouts/partials/_topnavbar.html.erb (4.8ms)
  Rendered layouts/partials/_sidebar.html.erb (2.9ms)
  Rendered layouts/partials/_offsidebar.html.erb (33.4ms)
  Rendered layouts/partials/_footer.html.erb (0.6ms)
Completed 200 OK in 17321ms (Views: 17318.8ms | ActiveRecord: 0.0ms)


Started GET "/api/i18n/site-es.json" for 127.0.0.1 at 2019-11-27 13:43:24 -0500
Processing by ApiController#i18n as JSON
  Parameters: {"locale"=>"site-es"}
  Rendering app/assets/i18n/site-es.json
  Rendered app/assets/i18n/site-es.json (0.5ms)
Completed 200 OK in 22ms (Views: 21.0ms | ActiveRecord: 0.0ms)


Started GET "/users/login" for 127.0.0.1 at 2019-11-27 13:43:38 -0500
  
ActionController::RoutingError (No route matches [GET] "/users/login"):
  
actionpack (5.2.1) lib/action_dispatch/middleware/debug_exceptions.rb:65:in `call'
web-console (3.7.0) lib/web_console/middleware.rb:135:in `call_app'
web-console (3.7.0) lib/web_console/middleware.rb:30:in `block in call'
web-console (3.7.0) lib/web_console/middleware.rb:20:in `catch'
web-console (3.7.0) lib/web_console/middleware.rb:20:in `call'
actionpack (5.2.1) lib/action_dispatch/middleware/show_exceptions.rb:33:in `call'
railties (5.2.1) lib/rails/rack/logger.rb:38:in `call_app'
railties (5.2.1) lib/rails/rack/logger.rb:26:in `block in call'
activesupport (5.2.1) lib/active_support/tagged_logging.rb:71:in `block in tagged'
activesupport (5.2.1) lib/active_support/tagged_logging.rb:28:in `tagged'
activesupport (5.2.1) lib/active_support/tagged_logging.rb:71:in `tagged'
railties (5.2.1) lib/rails/rack/logger.rb:26:in `call'
sprockets-rails (3.2.1) lib/sprockets/rails/quiet_assets.rb:13:in `call'
actionpack (5.2.1) lib/action_dispatch/middleware/remote_ip.rb:81:in `call'
request_store (1.4.1) lib/request_store/middleware.rb:19:in `call'
actionpack (5.2.1) lib/action_dispatch/middleware/request_id.rb:27:in `call'
rack (2.0.6) lib/rack/method_override.rb:22:in `call'
rack (2.0.6) lib/rack/runtime.rb:22:in `call'
activesupport (5.2.1) lib/active_support/cache/strategy/local_cache_middleware.rb:29:in `call'
actionpack (5.2.1) lib/action_dispatch/middleware/executor.rb:14:in `call'
actionpack (5.2.1) lib/action_dispatch/middleware/static.rb:127:in `call'
rack (2.0.6) lib/rack/sendfile.rb:111:in `call'
railties (5.2.1) lib/rails/engine.rb:524:in `call'
puma (3.12.0) lib/puma/configuration.rb:225:in `call'
puma (3.12.0) lib/puma/server.rb:658:in `handle_request'
puma (3.12.0) lib/puma/server.rb:472:in `process_client'
puma (3.12.0) lib/puma/server.rb:332:in `block in run'
puma (3.12.0) lib/puma/thread_pool.rb:133:in `block in spawn_thread'
Started GET "/users/sign_in" for 127.0.0.1 at 2019-11-27 13:43:47 -0500
Processing by Devise::SessionsController#new as HTML
  Rendering /home/melius/.rbenv/versions/2.4.0/lib/ruby/gems/2.4.0/gems/devise-4.7.1/app/views/devise/sessions/new.html.erb within layouts/application
  Rendered /home/melius/.rbenv/versions/2.4.0/lib/ruby/gems/2.4.0/gems/devise-4.7.1/app/views/devise/shared/_links.html.erb (2.8ms)
  Rendered /home/melius/.rbenv/versions/2.4.0/lib/ruby/gems/2.4.0/gems/devise-4.7.1/app/views/devise/sessions/new.html.erb within layouts/application (61.9ms)
Completed 500 Internal Server Error in 352ms (ActiveRecord: 68.5ms)



Sprockets::Rails::Helper::AssetNotFound - The asset "devise/sessions.css" is not present in the asset pipeline.:
  app/views/layouts/application.html.erb:13:in `_app_views_layouts_application_html_erb__1951494277766445900_70128516754280'

Started POST "/__better_errors/e48ea5b9b5a502e7/variables" for 127.0.0.1 at 2019-11-27 13:43:48 -0500
Started GET "/users/sign_in" for 127.0.0.1 at 2019-11-27 13:47:02 -0500
  [1m[35m (0.8ms)[0m  [1m[34mSELECT "schema_migrations"."version" FROM "schema_migrations" ORDER BY "schema_migrations"."version" ASC[0m
  ↳ /home/melius/.rbenv/versions/2.4.0/lib/ruby/gems/2.4.0/gems/activerecord-5.2.1/lib/active_record/log_subscriber.rb:98
Processing by Devise::SessionsController#new as HTML
  Rendering /home/melius/.rbenv/versions/2.4.0/lib/ruby/gems/2.4.0/gems/devise-4.7.1/app/views/devise/sessions/new.html.erb within layouts/application
  Rendered /home/melius/.rbenv/versions/2.4.0/lib/ruby/gems/2.4.0/gems/devise-4.7.1/app/views/devise/shared/_links.html.erb (1.7ms)
  Rendered /home/melius/.rbenv/versions/2.4.0/lib/ruby/gems/2.4.0/gems/devise-4.7.1/app/views/devise/sessions/new.html.erb within layouts/application (15.6ms)
Completed 500 Internal Server Error in 4051ms (ActiveRecord: 6.2ms)



Sprockets::Rails::Helper::AssetNotFound - The asset "devise/sessions.css" is not present in the asset pipeline.:
  app/views/layouts/application.html.erb:13:in `_app_views_layouts_application_html_erb__2333788685217622577_46949932875420'

Started POST "/__better_errors/ac0062d45bdd2c76/variables" for 127.0.0.1 at 2019-11-27 13:47:06 -0500
Started GET "/users/sign_in" for 127.0.0.1 at 2019-11-27 13:48:57 -0500
  [1m[35m (1.5ms)[0m  [1m[34mSELECT "schema_migrations"."version" FROM "schema_migrations" ORDER BY "schema_migrations"."version" ASC[0m
  ↳ /home/melius/.rbenv/versions/2.4.0/lib/ruby/gems/2.4.0/gems/activerecord-5.2.1/lib/active_record/log_subscriber.rb:98
Processing by Devise::SessionsController#new as HTML
  Rendering /home/melius/.rbenv/versions/2.4.0/lib/ruby/gems/2.4.0/gems/devise-4.7.1/app/views/devise/sessions/new.html.erb within layouts/application
  Rendered /home/melius/.rbenv/versions/2.4.0/lib/ruby/gems/2.4.0/gems/devise-4.7.1/app/views/devise/shared/_links.html.erb (2.4ms)
  Rendered /home/melius/.rbenv/versions/2.4.0/lib/ruby/gems/2.4.0/gems/devise-4.7.1/app/views/devise/sessions/new.html.erb within layouts/application (19.7ms)
Completed 500 Internal Server Error in 7445ms (ActiveRecord: 7.0ms)



Sprockets::Rails::Helper::AssetNotPrecompiled - Asset was not declared to be precompiled in production.
Add `Rails.application.config.assets.precompile += %w( devise/sessions.css )` to `config/initializers/assets.rb` and restart your server:
  app/views/layouts/application.html.erb:13:in `_app_views_layouts_application_html_erb__616191943604987894_47147627970060'

Started POST "/__better_errors/a6224e0d634476f3/variables" for 127.0.0.1 at 2019-11-27 13:49:05 -0500
Started GET "/users/sign_in" for 127.0.0.1 at 2019-11-27 13:49:33 -0500
  [1m[35m (1.2ms)[0m  [1m[34mSELECT "schema_migrations"."version" FROM "schema_migrations" ORDER BY "schema_migrations"."version" ASC[0m
  ↳ /home/melius/.rbenv/versions/2.4.0/lib/ruby/gems/2.4.0/gems/activerecord-5.2.1/lib/active_record/log_subscriber.rb:98
Processing by Devise::SessionsController#new as HTML
  Rendering /home/melius/.rbenv/versions/2.4.0/lib/ruby/gems/2.4.0/gems/devise-4.7.1/app/views/devise/sessions/new.html.erb within layouts/application
  Rendered /home/melius/.rbenv/versions/2.4.0/lib/ruby/gems/2.4.0/gems/devise-4.7.1/app/views/devise/shared/_links.html.erb (3.6ms)
  Rendered /home/melius/.rbenv/versions/2.4.0/lib/ruby/gems/2.4.0/gems/devise-4.7.1/app/views/devise/sessions/new.html.erb within layouts/application (19.7ms)
  Rendered layouts/partials/_topnavbar.html.erb (3.8ms)
  Rendered layouts/partials/_sidebar.html.erb (2.3ms)
  Rendered layouts/partials/_offsidebar.html.erb (39.9ms)
  Rendered layouts/partials/_footer.html.erb (0.4ms)
Completed 500 Internal Server Error in 4425ms (ActiveRecord: 7.3ms)



Sprockets::Rails::Helper::AssetNotFound - The asset "devise/sessions.js" is not present in the asset pipeline.:
  app/views/layouts/application.html.erb:50:in `_app_views_layouts_application_html_erb___3636404565707931994_47167766434760'

Started POST "/__better_errors/91451fc9ed41ce46/variables" for 127.0.0.1 at 2019-11-27 13:49:38 -0500
Started GET "/users/sign_in" for 127.0.0.1 at 2019-11-27 13:50:58 -0500
  [1m[35m (0.9ms)[0m  [1m[34mSELECT "schema_migrations"."version" FROM "schema_migrations" ORDER BY "schema_migrations"."version" ASC[0m
  ↳ /home/melius/.rbenv/versions/2.4.0/lib/ruby/gems/2.4.0/gems/activerecord-5.2.1/lib/active_record/log_subscriber.rb:98
Processing by Devise::SessionsController#new as HTML
  Rendering /home/melius/.rbenv/versions/2.4.0/lib/ruby/gems/2.4.0/gems/devise-4.7.1/app/views/devise/sessions/new.html.erb within layouts/application
  Rendered /home/melius/.rbenv/versions/2.4.0/lib/ruby/gems/2.4.0/gems/devise-4.7.1/app/views/devise/shared/_links.html.erb (2.3ms)
  Rendered /home/melius/.rbenv/versions/2.4.0/lib/ruby/gems/2.4.0/gems/devise-4.7.1/app/views/devise/sessions/new.html.erb within layouts/application (17.7ms)
  Rendered layouts/partials/_topnavbar.html.erb (2.8ms)
  Rendered layouts/partials/_sidebar.html.erb (1.8ms)
  Rendered layouts/partials/_offsidebar.html.erb (30.4ms)
  Rendered layouts/partials/_footer.html.erb (0.4ms)
Completed 200 OK in 4340ms (Views: 4309.9ms | ActiveRecord: 7.3ms)


Started GET "/api/i18n/site-es.json" for 127.0.0.1 at 2019-11-27 13:51:03 -0500
Processing by ApiController#i18n as JSON
  Parameters: {"locale"=>"site-es"}
  Rendering app/assets/i18n/site-es.json
  Rendered app/assets/i18n/site-es.json (0.7ms)
Completed 200 OK in 10ms (Views: 9.5ms | ActiveRecord: 0.0ms)


Started GET "/users/sign_up" for 127.0.0.1 at 2019-11-27 13:51:07 -0500
Processing by Devise::RegistrationsController#new as HTML
  Rendering /home/melius/.rbenv/versions/2.4.0/lib/ruby/gems/2.4.0/gems/devise-4.7.1/app/views/devise/registrations/new.html.erb within layouts/application
  Rendered /home/melius/.rbenv/versions/2.4.0/lib/ruby/gems/2.4.0/gems/devise-4.7.1/app/views/devise/shared/_error_messages.html.erb (1.7ms)
  Rendered /home/melius/.rbenv/versions/2.4.0/lib/ruby/gems/2.4.0/gems/devise-4.7.1/app/views/devise/shared/_links.html.erb (2.0ms)
  Rendered /home/melius/.rbenv/versions/2.4.0/lib/ruby/gems/2.4.0/gems/devise-4.7.1/app/views/devise/registrations/new.html.erb within layouts/application (21.6ms)
Completed 500 Internal Server Error in 97ms (ActiveRecord: 0.0ms)



Sprockets::Rails::Helper::AssetNotFound - The asset "devise/registrations.css" is not present in the asset pipeline.:
  app/views/layouts/application.html.erb:13:in `_app_views_layouts_application_html_erb__1954152638737071769_69979040138100'

Started POST "/__better_errors/c2a3778fb61c1550/variables" for 127.0.0.1 at 2019-11-27 13:51:07 -0500
Started GET "/users/sign_up" for 127.0.0.1 at 2019-11-27 13:52:24 -0500
  [1m[35m (1.7ms)[0m  [1m[34mSELECT "schema_migrations"."version" FROM "schema_migrations" ORDER BY "schema_migrations"."version" ASC[0m
  ↳ /home/melius/.rbenv/versions/2.4.0/lib/ruby/gems/2.4.0/gems/activerecord-5.2.1/lib/active_record/log_subscriber.rb:98
Processing by Devise::RegistrationsController#new as HTML
  Rendering /home/melius/.rbenv/versions/2.4.0/lib/ruby/gems/2.4.0/gems/devise-4.7.1/app/views/devise/registrations/new.html.erb within layouts/application
  Rendered /home/melius/.rbenv/versions/2.4.0/lib/ruby/gems/2.4.0/gems/devise-4.7.1/app/views/devise/shared/_error_messages.html.erb (1.2ms)
  Rendered /home/melius/.rbenv/versions/2.4.0/lib/ruby/gems/2.4.0/gems/devise-4.7.1/app/views/devise/shared/_links.html.erb (1.5ms)
  Rendered /home/melius/.rbenv/versions/2.4.0/lib/ruby/gems/2.4.0/gems/devise-4.7.1/app/views/devise/registrations/new.html.erb within layouts/application (18.9ms)
  Rendered layouts/partials/_topnavbar.html.erb (2.6ms)
  Rendered layouts/partials/_sidebar.html.erb (1.5ms)
  Rendered layouts/partials/_offsidebar.html.erb (35.3ms)
  Rendered layouts/partials/_footer.html.erb (0.4ms)
Completed 200 OK in 4041ms (Views: 4010.8ms | ActiveRecord: 7.4ms)


Started GET "/api/i18n/site-es.json" for 127.0.0.1 at 2019-11-27 13:52:28 -0500
Processing by ApiController#i18n as JSON
  Parameters: {"locale"=>"site-es"}
  Rendering app/assets/i18n/site-es.json
  Rendered app/assets/i18n/site-es.json (0.6ms)
Completed 200 OK in 8ms (Views: 7.7ms | ActiveRecord: 0.0ms)


Started GET "/singleview" for 127.0.0.1 at 2019-11-27 14:08:11 -0500
Processing by SingleviewController#index as HTML
  Rendering singleview/index.html.erb within layouts/application
  Rendered singleview/index.html.erb within layouts/application (0.8ms)
Started GET "/singleview" for 127.0.0.1 at 2019-11-27 14:08:12 -0500
Processing by SingleviewController#index as HTML
  Rendering singleview/index.html.erb within layouts/application
  Rendered singleview/index.html.erb within layouts/application (0.6ms)
  Rendered layouts/partials/_topnavbar.html.erb (20.2ms)
  Rendered layouts/partials/_sidebar.html.erb (33.7ms)
  Rendered layouts/partials/_topnavbar.html.erb (5.1ms)
  Rendered layouts/partials/_sidebar.html.erb (2.3ms)
  Rendered layouts/partials/_offsidebar.html.erb (32.2ms)
  Rendered layouts/partials/_offsidebar.html.erb (74.5ms)
  Rendered layouts/partials/_footer.html.erb (0.4ms)
  Rendered layouts/partials/_footer.html.erb (0.3ms)
Completed 200 OK in 933ms (Views: 930.6ms | ActiveRecord: 0.0ms)


Completed 200 OK in 427ms (Views: 425.4ms | ActiveRecord: 0.0ms)


Started GET "/api/i18n/site-es.json" for 127.0.0.1 at 2019-11-27 14:08:15 -0500
Processing by ApiController#i18n as JSON
  Parameters: {"locale"=>"site-es"}
  Rendering app/assets/i18n/site-es.json
  Rendered app/assets/i18n/site-es.json (0.5ms)
Completed 200 OK in 18ms (Views: 17.5ms | ActiveRecord: 0.0ms)


Started GET "/users/sign_in" for 127.0.0.1 at 2019-11-27 14:08:21 -0500
Processing by Devise::SessionsController#new as HTML
  Rendering /home/melius/.rbenv/versions/2.4.0/lib/ruby/gems/2.4.0/gems/devise-4.7.1/app/views/devise/sessions/new.html.erb within layouts/application
  Rendered /home/melius/.rbenv/versions/2.4.0/lib/ruby/gems/2.4.0/gems/devise-4.7.1/app/views/devise/shared/_links.html.erb (2.9ms)
  Rendered /home/melius/.rbenv/versions/2.4.0/lib/ruby/gems/2.4.0/gems/devise-4.7.1/app/views/devise/sessions/new.html.erb within layouts/application (50.7ms)
  Rendered layouts/partials/_topnavbar.html.erb (2.3ms)
  Rendered layouts/partials/_sidebar.html.erb (1.4ms)
  Rendered layouts/partials/_offsidebar.html.erb (22.5ms)
  Rendered layouts/partials/_footer.html.erb (0.5ms)
Completed 200 OK in 745ms (Views: 725.0ms | ActiveRecord: 0.0ms)


Started GET "/api/i18n/site-es.json" for 127.0.0.1 at 2019-11-27 14:08:22 -0500
Processing by ApiController#i18n as JSON
  Parameters: {"locale"=>"site-es"}
  Rendering app/assets/i18n/site-es.json
  Rendered app/assets/i18n/site-es.json (0.5ms)
Completed 200 OK in 6ms (Views: 5.5ms | ActiveRecord: 0.0ms)


Started GET "/users/sign_up" for 127.0.0.1 at 2019-11-27 14:08:26 -0500
Processing by Devise::RegistrationsController#new as HTML
  Rendering /home/melius/.rbenv/versions/2.4.0/lib/ruby/gems/2.4.0/gems/devise-4.7.1/app/views/devise/registrations/new.html.erb within layouts/application
  Rendered /home/melius/.rbenv/versions/2.4.0/lib/ruby/gems/2.4.0/gems/devise-4.7.1/app/views/devise/shared/_error_messages.html.erb (1.0ms)
  Rendered /home/melius/.rbenv/versions/2.4.0/lib/ruby/gems/2.4.0/gems/devise-4.7.1/app/views/devise/shared/_links.html.erb (1.9ms)
  Rendered /home/melius/.rbenv/versions/2.4.0/lib/ruby/gems/2.4.0/gems/devise-4.7.1/app/views/devise/registrations/new.html.erb within layouts/application (20.8ms)
  Rendered layouts/partials/_topnavbar.html.erb (2.4ms)
  Rendered layouts/partials/_sidebar.html.erb (1.6ms)
  Rendered layouts/partials/_offsidebar.html.erb (24.5ms)
  Rendered layouts/partials/_footer.html.erb (0.4ms)
Completed 200 OK in 360ms (Views: 358.1ms | ActiveRecord: 0.0ms)


Started GET "/api/i18n/site-es.json" for 127.0.0.1 at 2019-11-27 14:08:27 -0500
Processing by ApiController#i18n as JSON
  Parameters: {"locale"=>"site-es"}
  Rendering app/assets/i18n/site-es.json
  Rendered app/assets/i18n/site-es.json (0.7ms)
Completed 200 OK in 7ms (Views: 6.2ms | ActiveRecord: 0.0ms)


Started GET "/users/sign_in" for 127.0.0.1 at 2019-11-27 14:08:34 -0500
Processing by Devise::SessionsController#new as HTML
  Rendering /home/melius/.rbenv/versions/2.4.0/lib/ruby/gems/2.4.0/gems/devise-4.7.1/app/views/devise/sessions/new.html.erb within layouts/application
  Rendered /home/melius/.rbenv/versions/2.4.0/lib/ruby/gems/2.4.0/gems/devise-4.7.1/app/views/devise/shared/_links.html.erb (2.4ms)
  Rendered /home/melius/.rbenv/versions/2.4.0/lib/ruby/gems/2.4.0/gems/devise-4.7.1/app/views/devise/sessions/new.html.erb within layouts/application (7.2ms)
  Rendered layouts/partials/_topnavbar.html.erb (2.4ms)
  Rendered layouts/partials/_sidebar.html.erb (1.4ms)
  Rendered layouts/partials/_offsidebar.html.erb (22.5ms)
  Rendered layouts/partials/_footer.html.erb (0.4ms)
Completed 200 OK in 166ms (Views: 164.1ms | ActiveRecord: 0.0ms)


Started GET "/api/i18n/site-es.json" for 127.0.0.1 at 2019-11-27 14:08:34 -0500
Processing by ApiController#i18n as JSON
  Parameters: {"locale"=>"site-es"}
  Rendering app/assets/i18n/site-es.json
  Rendered app/assets/i18n/site-es.json (0.5ms)
Completed 200 OK in 6ms (Views: 5.8ms | ActiveRecord: 0.0ms)


Started POST "/users/sign_in" for 127.0.0.1 at 2019-11-27 14:08:37 -0500
Processing by Devise::SessionsController#create as HTML
  Parameters: {"utf8"=>"✓", "authenticity_token"=>"X3oghcchOSgCWdN+4Dmgp7VKiJbLrHjwoizxpVxoo4qV74bObn6cdjSTajNbksu350jsa0JkSuzmscSBdSkhxA==", "user"=>{"email"=>"duvan.castelblanco@meliusid.com", "password"=>"[FILTERED]", "remember_me"=>"0"}, "commit"=>"Log in"}
  [1m[36mUser Load (100.6ms)[0m  [1m[34mSELECT  "users".* FROM "users" WHERE "users"."email" = $1 ORDER BY "users"."id" ASC LIMIT $2[0m  [["email", "duvan.castelblanco@meliusid.com"], ["LIMIT", 1]]
  ↳ /home/melius/.rbenv/versions/2.4.0/lib/ruby/gems/2.4.0/gems/activerecord-5.2.1/lib/active_record/log_subscriber.rb:98
Completed 401 Unauthorized in 276ms (ActiveRecord: 100.6ms)


Processing by Devise::SessionsController#new as HTML
  Parameters: {"utf8"=>"✓", "authenticity_token"=>"X3oghcchOSgCWdN+4Dmgp7VKiJbLrHjwoizxpVxoo4qV74bObn6cdjSTajNbksu350jsa0JkSuzmscSBdSkhxA==", "user"=>{"email"=>"duvan.castelblanco@meliusid.com", "password"=>"[FILTERED]", "remember_me"=>"0"}, "commit"=>"Log in"}
  Rendering /home/melius/.rbenv/versions/2.4.0/lib/ruby/gems/2.4.0/gems/devise-4.7.1/app/views/devise/sessions/new.html.erb within layouts/application
  Rendered /home/melius/.rbenv/versions/2.4.0/lib/ruby/gems/2.4.0/gems/devise-4.7.1/app/views/devise/shared/_links.html.erb (1.5ms)
  Rendered /home/melius/.rbenv/versions/2.4.0/lib/ruby/gems/2.4.0/gems/devise-4.7.1/app/views/devise/sessions/new.html.erb within layouts/application (6.4ms)
  Rendered layouts/partials/_topnavbar.html.erb (3.0ms)
  Rendered layouts/partials/_sidebar.html.erb (1.8ms)
  Rendered layouts/partials/_offsidebar.html.erb (41.9ms)
  Rendered layouts/partials/_footer.html.erb (0.5ms)
Completed 200 OK in 488ms (Views: 187.1ms | ActiveRecord: 0.0ms)


Started GET "/api/i18n/site-es.json" for 127.0.0.1 at 2019-11-27 14:08:38 -0500
Processing by ApiController#i18n as JSON
  Parameters: {"locale"=>"site-es"}
  Rendering app/assets/i18n/site-es.json
  Rendered app/assets/i18n/site-es.json (0.6ms)
Completed 200 OK in 7ms (Views: 6.4ms | ActiveRecord: 0.0ms)


Started GET "/users/password/new" for 127.0.0.1 at 2019-11-27 14:08:43 -0500
Processing by Devise::PasswordsController#new as HTML
  Rendering /home/melius/.rbenv/versions/2.4.0/lib/ruby/gems/2.4.0/gems/devise-4.7.1/app/views/devise/passwords/new.html.erb within layouts/application
  Rendered /home/melius/.rbenv/versions/2.4.0/lib/ruby/gems/2.4.0/gems/devise-4.7.1/app/views/devise/shared/_error_messages.html.erb (1.0ms)
  Rendered /home/melius/.rbenv/versions/2.4.0/lib/ruby/gems/2.4.0/gems/devise-4.7.1/app/views/devise/shared/_links.html.erb (1.7ms)
  Rendered /home/melius/.rbenv/versions/2.4.0/lib/ruby/gems/2.4.0/gems/devise-4.7.1/app/views/devise/passwords/new.html.erb within layouts/application (7.9ms)
Completed 500 Internal Server Error in 133ms (ActiveRecord: 0.0ms)



Sprockets::Rails::Helper::AssetNotFound - The asset "devise/passwords.css" is not present in the asset pipeline.:
  app/views/layouts/application.html.erb:13:in `_app_views_layouts_application_html_erb___3156251409191577562_70191637760640'

Started POST "/__better_errors/60fb0df70b9b2ea4/variables" for 127.0.0.1 at 2019-11-27 14:08:44 -0500
Started GET "/singleview" for 127.0.0.1 at 2019-11-27 14:32:38 -0500
  [1m[35m (16.5ms)[0m  [1m[34mSELECT "schema_migrations"."version" FROM "schema_migrations" ORDER BY "schema_migrations"."version" ASC[0m
  ↳ /home/melius/.rbenv/versions/2.4.0/lib/ruby/gems/2.4.0/gems/activerecord-5.2.1/lib/active_record/log_subscriber.rb:98
Processing by SingleviewController#index as HTML
  Rendering singleview/index.html.erb within layouts/application
  Rendered singleview/index.html.erb within layouts/application (2.5ms)
  Rendered layouts/partials/_topnavbar.html.erb (3.2ms)
  Rendered layouts/partials/_sidebar.html.erb (2.7ms)
  Rendered layouts/partials/_offsidebar.html.erb (31.9ms)
  Rendered layouts/partials/_footer.html.erb (0.5ms)
Completed 200 OK in 77694ms (Views: 77657.8ms | ActiveRecord: 0.0ms)


Started GET "/api/i18n/site-es.json" for 127.0.0.1 at 2019-11-27 14:33:57 -0500
Processing by ApiController#i18n as JSON
  Parameters: {"locale"=>"site-es"}
  Rendering app/assets/i18n/site-es.json
  Rendered app/assets/i18n/site-es.json (0.6ms)
Completed 200 OK in 33ms (Views: 31.9ms | ActiveRecord: 0.0ms)


Started GET "/" for 127.0.0.1 at 2019-11-27 14:34:53 -0500
Started GET "/users/login" for 127.0.0.1 at 2019-11-27 14:34:53 -0500
  
ActionController::RoutingError (No route matches [GET] "/users/login"):
  
actionpack (5.2.1) lib/action_dispatch/middleware/debug_exceptions.rb:65:in `call'
web-console (3.7.0) lib/web_console/middleware.rb:135:in `call_app'
web-console (3.7.0) lib/web_console/middleware.rb:30:in `block in call'
web-console (3.7.0) lib/web_console/middleware.rb:20:in `catch'
web-console (3.7.0) lib/web_console/middleware.rb:20:in `call'
actionpack (5.2.1) lib/action_dispatch/middleware/show_exceptions.rb:33:in `call'
railties (5.2.1) lib/rails/rack/logger.rb:38:in `call_app'
railties (5.2.1) lib/rails/rack/logger.rb:26:in `block in call'
activesupport (5.2.1) lib/active_support/tagged_logging.rb:71:in `block in tagged'
activesupport (5.2.1) lib/active_support/tagged_logging.rb:28:in `tagged'
activesupport (5.2.1) lib/active_support/tagged_logging.rb:71:in `tagged'
railties (5.2.1) lib/rails/rack/logger.rb:26:in `call'
sprockets-rails (3.2.1) lib/sprockets/rails/quiet_assets.rb:13:in `call'
actionpack (5.2.1) lib/action_dispatch/middleware/remote_ip.rb:81:in `call'
request_store (1.4.1) lib/request_store/middleware.rb:19:in `call'
actionpack (5.2.1) lib/action_dispatch/middleware/request_id.rb:27:in `call'
rack (2.0.6) lib/rack/method_override.rb:22:in `call'
rack (2.0.6) lib/rack/runtime.rb:22:in `call'
activesupport (5.2.1) lib/active_support/cache/strategy/local_cache_middleware.rb:29:in `call'
actionpack (5.2.1) lib/action_dispatch/middleware/executor.rb:14:in `call'
actionpack (5.2.1) lib/action_dispatch/middleware/static.rb:127:in `call'
rack (2.0.6) lib/rack/sendfile.rb:111:in `call'
railties (5.2.1) lib/rails/engine.rb:524:in `call'
puma (3.12.0) lib/puma/configuration.rb:225:in `call'
puma (3.12.0) lib/puma/server.rb:658:in `handle_request'
puma (3.12.0) lib/puma/server.rb:472:in `process_client'
puma (3.12.0) lib/puma/server.rb:332:in `block in run'
puma (3.12.0) lib/puma/thread_pool.rb:133:in `block in spawn_thread'
Started GET "/users/sign_in" for 127.0.0.1 at 2019-11-27 14:35:00 -0500
Processing by Devise::SessionsController#new as HTML
  Rendering devise/sessions/new.html.erb within layouts/application
  Rendered devise/shared/_links.html.erb (3.4ms)
  Rendered devise/sessions/new.html.erb within layouts/application (359.6ms)
  Rendered layouts/partials/_topnavbar.html.erb (3.0ms)
  Rendered layouts/partials/_sidebar.html.erb (2.0ms)
  Rendered layouts/partials/_offsidebar.html.erb (48.7ms)
  Rendered layouts/partials/_footer.html.erb (0.4ms)
Completed 200 OK in 1037ms (Views: 927.1ms | ActiveRecord: 50.1ms)


Started GET "/api/i18n/site-es.json" for 127.0.0.1 at 2019-11-27 14:35:02 -0500
Processing by ApiController#i18n as JSON
  Parameters: {"locale"=>"site-es"}
  Rendering app/assets/i18n/site-es.json
  Rendered app/assets/i18n/site-es.json (0.6ms)
Completed 200 OK in 8ms (Views: 7.4ms | ActiveRecord: 0.0ms)


Started GET "/users/sign_up" for 127.0.0.1 at 2019-11-27 14:35:08 -0500
Processing by Devise::RegistrationsController#new as HTML
  Rendering devise/registrations/new.html.erb within layouts/application
  Rendered devise/shared/_error_messages.html.erb (0.7ms)
  Rendered devise/shared/_links.html.erb (1.3ms)
  Rendered devise/registrations/new.html.erb within layouts/application (7.4ms)
  Rendered layouts/partials/_topnavbar.html.erb (2.7ms)
  Rendered layouts/partials/_sidebar.html.erb (1.4ms)
  Rendered layouts/partials/_offsidebar.html.erb (24.1ms)
  Rendered layouts/partials/_footer.html.erb (0.5ms)
Completed 200 OK in 316ms (Views: 313.9ms | ActiveRecord: 0.0ms)


Started GET "/api/i18n/site-es.json" for 127.0.0.1 at 2019-11-27 14:35:08 -0500
Processing by ApiController#i18n as JSON
  Parameters: {"locale"=>"site-es"}
  Rendering app/assets/i18n/site-es.json
  Rendered app/assets/i18n/site-es.json (0.5ms)
Completed 200 OK in 6ms (Views: 5.6ms | ActiveRecord: 0.0ms)


Started GET "/users/password/new" for 127.0.0.1 at 2019-11-27 14:35:14 -0500
Processing by Devise::PasswordsController#new as HTML
  Rendering devise/passwords/new.html.erb within layouts/application
  Rendered devise/shared/_error_messages.html.erb (0.6ms)
  Rendered devise/shared/_links.html.erb (2.3ms)
  Rendered devise/passwords/new.html.erb within layouts/application (8.4ms)
  Rendered layouts/partials/_topnavbar.html.erb (2.9ms)
  Rendered layouts/partials/_sidebar.html.erb (2.2ms)
  Rendered layouts/partials/_offsidebar.html.erb (47.9ms)
  Rendered layouts/partials/_footer.html.erb (0.4ms)
Completed 200 OK in 212ms (Views: 209.0ms | ActiveRecord: 0.0ms)


Started GET "/api/i18n/site-es.json" for 127.0.0.1 at 2019-11-27 14:35:14 -0500
Processing by ApiController#i18n as JSON
  Parameters: {"locale"=>"site-es"}
  Rendering app/assets/i18n/site-es.json
  Rendered app/assets/i18n/site-es.json (0.5ms)
Completed 200 OK in 7ms (Views: 6.0ms | ActiveRecord: 0.0ms)


Started GET "/users/sign_in" for 127.0.0.1 at 2019-11-27 14:41:04 -0500
Processing by Devise::SessionsController#new as HTML
  Rendering devise/sessions/new.html.erb within layouts/application
  Rendered devise/shared/_links.html.erb (1.9ms)
  Rendered devise/sessions/new.html.erb within layouts/application (8.5ms)
  Rendered layouts/partials/_topnavbar.html.erb (2.3ms)
  Rendered layouts/partials/_sidebar.html.erb (2.0ms)
  Rendered layouts/partials/_offsidebar.html.erb (28.2ms)
  Rendered layouts/partials/_footer.html.erb (0.7ms)
Completed 200 OK in 263ms (Views: 261.3ms | ActiveRecord: 0.0ms)


Started GET "/api/i18n/site-es.json" for 127.0.0.1 at 2019-11-27 14:41:05 -0500
Processing by ApiController#i18n as JSON
  Parameters: {"locale"=>"site-es"}
  Rendering app/assets/i18n/site-es.json
  Rendered app/assets/i18n/site-es.json (0.6ms)
Completed 200 OK in 7ms (Views: 6.9ms | ActiveRecord: 0.0ms)


Started GET "/users/sign_in" for 127.0.0.1 at 2019-11-27 14:41:47 -0500
Processing by Devise::SessionsController#new as HTML
  Rendering devise/sessions/new.html.erb within layouts/application
  Rendered devise/shared/_links.html.erb (1.9ms)
  Rendered devise/sessions/new.html.erb within layouts/application (9.9ms)
  Rendered layouts/partials/_topnavbar.html.erb (3.0ms)
  Rendered layouts/partials/_sidebar.html.erb (2.2ms)
  Rendered layouts/partials/_offsidebar.html.erb (48.7ms)
  Rendered layouts/partials/_footer.html.erb (0.7ms)
Completed 200 OK in 229ms (Views: 227.2ms | ActiveRecord: 0.0ms)


Started GET "/api/i18n/site-es.json" for 127.0.0.1 at 2019-11-27 14:41:48 -0500
Processing by ApiController#i18n as JSON
  Parameters: {"locale"=>"site-es"}
  Rendering app/assets/i18n/site-es.json
  Rendered app/assets/i18n/site-es.json (0.6ms)
Completed 200 OK in 8ms (Views: 7.7ms | ActiveRecord: 0.0ms)


Started GET "/users/sign_in" for 127.0.0.1 at 2019-11-27 14:44:13 -0500
Processing by Devise::SessionsController#new as HTML
  Rendering devise/sessions/new.html.erb within layouts/application
  Rendered devise/sessions/new.html.erb within layouts/application (1767.3ms)
Completed 500 Internal Server Error in 1773ms (ActiveRecord: 0.0ms)



NameError - undefined local variable or method `f' for #<#<Class:0x007fa7ea08c480>:0x007fa7ebd2df58>:
  app/views/devise/sessions/new.html.erb:61:in `_app_views_devise_sessions_new_html_erb__1871639631591186652_70179596362320'

Started POST "/__better_errors/7c93324c6a83876f/variables" for 127.0.0.1 at 2019-11-27 14:44:16 -0500
Started GET "/users/sign_in" for 127.0.0.1 at 2019-11-27 14:44:32 -0500
Processing by Devise::SessionsController#new as HTML
  Rendering devise/sessions/new.html.erb within layouts/application
  Rendered devise/shared/_links.html.erb (1.7ms)
  Rendered devise/sessions/new.html.erb within layouts/application (7.1ms)
  Rendered layouts/partials/_topnavbar.html.erb (1.9ms)
  Rendered layouts/partials/_sidebar.html.erb (1.6ms)
  Rendered layouts/partials/_offsidebar.html.erb (25.3ms)
  Rendered layouts/partials/_footer.html.erb (0.4ms)
Completed 200 OK in 175ms (Views: 172.7ms | ActiveRecord: 0.0ms)


Started GET "/api/i18n/site-es.json" for 127.0.0.1 at 2019-11-27 14:44:33 -0500
Processing by ApiController#i18n as JSON
  Parameters: {"locale"=>"site-es"}
  Rendering app/assets/i18n/site-es.json
  Rendered app/assets/i18n/site-es.json (0.6ms)
Completed 200 OK in 8ms (Views: 7.5ms | ActiveRecord: 0.0ms)


Started GET "/users/sign_in" for 127.0.0.1 at 2019-11-27 14:44:45 -0500
Processing by Devise::SessionsController#new as HTML
  Rendering devise/sessions/new.html.erb within layouts/application
  Rendered devise/shared/_links.html.erb (1.6ms)
  Rendered devise/sessions/new.html.erb within layouts/application (7.5ms)
  Rendered layouts/partials/_topnavbar.html.erb (2.0ms)
  Rendered layouts/partials/_sidebar.html.erb (1.6ms)
  Rendered layouts/partials/_offsidebar.html.erb (24.2ms)
  Rendered layouts/partials/_footer.html.erb (0.5ms)
Completed 200 OK in 181ms (Views: 179.6ms | ActiveRecord: 0.0ms)


Started GET "/api/i18n/site-es.json" for 127.0.0.1 at 2019-11-27 14:44:46 -0500
Processing by ApiController#i18n as JSON
  Parameters: {"locale"=>"site-es"}
  Rendering app/assets/i18n/site-es.json
  Rendered app/assets/i18n/site-es.json (0.8ms)
Completed 200 OK in 10ms (Views: 9.2ms | ActiveRecord: 0.0ms)


Started GET "/users/sign_in" for 127.0.0.1 at 2019-11-27 14:45:48 -0500
Processing by Devise::SessionsController#new as HTML
  Rendering devise/sessions/new.html.erb within layouts/application
  Rendered devise/shared/_links.html.erb (1.5ms)
  Rendered devise/sessions/new.html.erb within layouts/application (6.8ms)
  Rendered layouts/partials/_topnavbar.html.erb (2.3ms)
  Rendered layouts/partials/_sidebar.html.erb (2.0ms)
  Rendered layouts/partials/_offsidebar.html.erb (23.7ms)
  Rendered layouts/partials/_footer.html.erb (0.5ms)
Completed 200 OK in 171ms (Views: 169.3ms | ActiveRecord: 0.0ms)


Started GET "/api/i18n/site-es.json" for 127.0.0.1 at 2019-11-27 14:45:49 -0500
Processing by ApiController#i18n as JSON
  Parameters: {"locale"=>"site-es"}
  Rendering app/assets/i18n/site-es.json
  Rendered app/assets/i18n/site-es.json (0.5ms)
Completed 200 OK in 12ms (Views: 10.5ms | ActiveRecord: 0.0ms)


Started GET "/users/sign_in" for 127.0.0.1 at 2019-11-27 14:46:56 -0500
Processing by Devise::SessionsController#new as HTML
  Rendering devise/sessions/new.html.erb within layouts/application
  Rendered devise/shared/_links.html.erb (1.4ms)
  Rendered devise/sessions/new.html.erb within layouts/application (6.8ms)
  Rendered layouts/partials/_topnavbar.html.erb (2.1ms)
  Rendered layouts/partials/_sidebar.html.erb (1.7ms)
  Rendered layouts/partials/_offsidebar.html.erb (28.5ms)
  Rendered layouts/partials/_footer.html.erb (0.6ms)
Completed 200 OK in 178ms (Views: 176.6ms | ActiveRecord: 0.0ms)


Started GET "/api/i18n/site-es.json" for 127.0.0.1 at 2019-11-27 14:46:56 -0500
Processing by ApiController#i18n as JSON
  Parameters: {"locale"=>"site-es"}
  Rendering app/assets/i18n/site-es.json
  Rendered app/assets/i18n/site-es.json (1.0ms)
Completed 200 OK in 15ms (Views: 14.3ms | ActiveRecord: 0.0ms)


Started GET "/users/sign_in" for 127.0.0.1 at 2019-11-27 14:51:21 -0500
Processing by Devise::SessionsController#new as HTML
  Rendering devise/sessions/new.html.erb within layouts/application
  Rendered devise/shared/_links.html.erb (1.5ms)
  Rendered devise/sessions/new.html.erb within layouts/application (7.9ms)
  Rendered layouts/partials/_topnavbar.html.erb (2.6ms)
  Rendered layouts/partials/_sidebar.html.erb (2.1ms)
  Rendered layouts/partials/_offsidebar.html.erb (27.5ms)
  Rendered layouts/partials/_footer.html.erb (0.8ms)
Completed 200 OK in 195ms (Views: 193.3ms | ActiveRecord: 0.0ms)


Started GET "/api/i18n/site-es.json" for 127.0.0.1 at 2019-11-27 14:51:22 -0500
Processing by ApiController#i18n as JSON
  Parameters: {"locale"=>"site-es"}
  Rendering app/assets/i18n/site-es.json
  Rendered app/assets/i18n/site-es.json (0.5ms)
Completed 200 OK in 5ms (Views: 5.0ms | ActiveRecord: 0.0ms)


Started GET "/users/sign_in?user%5Bremember_me%5D=0" for 127.0.0.1 at 2019-11-27 14:51:25 -0500
Processing by Devise::SessionsController#new as HTML
  Parameters: {"user"=>{"remember_me"=>"0"}}
  Rendering devise/sessions/new.html.erb within layouts/application
  Rendered devise/shared/_links.html.erb (2.0ms)
  Rendered devise/sessions/new.html.erb within layouts/application (10.7ms)
  Rendered layouts/partials/_topnavbar.html.erb (2.6ms)
  Rendered layouts/partials/_sidebar.html.erb (2.1ms)
  Rendered layouts/partials/_offsidebar.html.erb (25.2ms)
  Rendered layouts/partials/_footer.html.erb (0.4ms)
Completed 200 OK in 183ms (Views: 180.8ms | ActiveRecord: 0.0ms)


Started GET "/api/i18n/site-es.json" for 127.0.0.1 at 2019-11-27 14:51:25 -0500
Processing by ApiController#i18n as JSON
  Parameters: {"locale"=>"site-es"}
  Rendering app/assets/i18n/site-es.json
  Rendered app/assets/i18n/site-es.json (0.5ms)
Completed 200 OK in 6ms (Views: 5.8ms | ActiveRecord: 0.0ms)


Started GET "/users/sign_in?user%5Bremember_me%5D=0" for 127.0.0.1 at 2019-11-27 14:51:36 -0500
Processing by Devise::SessionsController#new as HTML
  Parameters: {"user"=>{"remember_me"=>"0"}}
  Rendering devise/sessions/new.html.erb within layouts/application
  Rendered devise/shared/_links.html.erb (1.4ms)
  Rendered devise/sessions/new.html.erb within layouts/application (7.5ms)
  Rendered layouts/partials/_topnavbar.html.erb (2.0ms)
  Rendered layouts/partials/_sidebar.html.erb (2.0ms)
  Rendered layouts/partials/_offsidebar.html.erb (29.2ms)
  Rendered layouts/partials/_footer.html.erb (0.5ms)
Completed 200 OK in 184ms (Views: 181.8ms | ActiveRecord: 0.0ms)


Started GET "/api/i18n/site-es.json" for 127.0.0.1 at 2019-11-27 14:51:37 -0500
Processing by ApiController#i18n as JSON
  Parameters: {"locale"=>"site-es"}
  Rendering app/assets/i18n/site-es.json
  Rendered app/assets/i18n/site-es.json (0.5ms)
Completed 200 OK in 6ms (Views: 5.7ms | ActiveRecord: 0.0ms)


Started GET "/users/sign_in?user%5Bremember_me%5D=0" for 127.0.0.1 at 2019-11-27 14:51:46 -0500
Processing by Devise::SessionsController#new as HTML
  Parameters: {"user"=>{"remember_me"=>"0"}}
  Rendering devise/sessions/new.html.erb within layouts/application
  Rendered devise/shared/_links.html.erb (2.5ms)
  Rendered devise/sessions/new.html.erb within layouts/application (11.4ms)
  Rendered layouts/partials/_topnavbar.html.erb (2.2ms)
  Rendered layouts/partials/_sidebar.html.erb (1.8ms)
  Rendered layouts/partials/_offsidebar.html.erb (24.8ms)
  Rendered layouts/partials/_footer.html.erb (0.8ms)
Completed 200 OK in 205ms (Views: 203.2ms | ActiveRecord: 0.0ms)


Started GET "/api/i18n/site-es.json" for 127.0.0.1 at 2019-11-27 14:51:46 -0500
Processing by ApiController#i18n as JSON
  Parameters: {"locale"=>"site-es"}
  Rendering app/assets/i18n/site-es.json
  Rendered app/assets/i18n/site-es.json (0.5ms)
Completed 200 OK in 7ms (Views: 6.7ms | ActiveRecord: 0.0ms)


Started GET "/pages/register" for 127.0.0.1 at 2019-11-27 14:52:19 -0500
  
ActionController::RoutingError (No route matches [GET] "/pages/register"):
  
actionpack (5.2.1) lib/action_dispatch/middleware/debug_exceptions.rb:65:in `call'
web-console (3.7.0) lib/web_console/middleware.rb:135:in `call_app'
web-console (3.7.0) lib/web_console/middleware.rb:30:in `block in call'
web-console (3.7.0) lib/web_console/middleware.rb:20:in `catch'
web-console (3.7.0) lib/web_console/middleware.rb:20:in `call'
actionpack (5.2.1) lib/action_dispatch/middleware/show_exceptions.rb:33:in `call'
railties (5.2.1) lib/rails/rack/logger.rb:38:in `call_app'
railties (5.2.1) lib/rails/rack/logger.rb:26:in `block in call'
activesupport (5.2.1) lib/active_support/tagged_logging.rb:71:in `block in tagged'
activesupport (5.2.1) lib/active_support/tagged_logging.rb:28:in `tagged'
activesupport (5.2.1) lib/active_support/tagged_logging.rb:71:in `tagged'
railties (5.2.1) lib/rails/rack/logger.rb:26:in `call'
sprockets-rails (3.2.1) lib/sprockets/rails/quiet_assets.rb:13:in `call'
actionpack (5.2.1) lib/action_dispatch/middleware/remote_ip.rb:81:in `call'
request_store (1.4.1) lib/request_store/middleware.rb:19:in `call'
actionpack (5.2.1) lib/action_dispatch/middleware/request_id.rb:27:in `call'
rack (2.0.6) lib/rack/method_override.rb:22:in `call'
rack (2.0.6) lib/rack/runtime.rb:22:in `call'
activesupport (5.2.1) lib/active_support/cache/strategy/local_cache_middleware.rb:29:in `call'
actionpack (5.2.1) lib/action_dispatch/middleware/executor.rb:14:in `call'
actionpack (5.2.1) lib/action_dispatch/middleware/static.rb:127:in `call'
rack (2.0.6) lib/rack/sendfile.rb:111:in `call'
railties (5.2.1) lib/rails/engine.rb:524:in `call'
puma (3.12.0) lib/puma/configuration.rb:225:in `call'
puma (3.12.0) lib/puma/server.rb:658:in `handle_request'
puma (3.12.0) lib/puma/server.rb:472:in `process_client'
puma (3.12.0) lib/puma/server.rb:332:in `block in run'
puma (3.12.0) lib/puma/thread_pool.rb:133:in `block in spawn_thread'
Started GET "/users/sign_in?user%5Bremember_me%5D=0" for 127.0.0.1 at 2019-11-27 14:53:05 -0500
Processing by Devise::SessionsController#new as HTML
  Parameters: {"user"=>{"remember_me"=>"0"}}
  Rendering devise/sessions/new.html.erb within layouts/application
  Rendered devise/shared/_links.html.erb (1.9ms)
  Rendered devise/sessions/new.html.erb within layouts/application (8.4ms)
  Rendered layouts/partials/_topnavbar.html.erb (2.1ms)
  Rendered layouts/partials/_sidebar.html.erb (1.8ms)
  Rendered layouts/partials/_offsidebar.html.erb (26.4ms)
  Rendered layouts/partials/_footer.html.erb (0.8ms)
Completed 200 OK in 185ms (Views: 183.0ms | ActiveRecord: 0.0ms)


Started GET "/api/i18n/site-es.json" for 127.0.0.1 at 2019-11-27 14:53:06 -0500
Processing by ApiController#i18n as JSON
  Parameters: {"locale"=>"site-es"}
  Rendering app/assets/i18n/site-es.json
  Rendered app/assets/i18n/site-es.json (0.6ms)
Completed 200 OK in 7ms (Views: 6.5ms | ActiveRecord: 0.0ms)


Started GET "/users/sign_in?user%5Bremember_me%5D=0" for 127.0.0.1 at 2019-11-27 14:53:36 -0500
Processing by Devise::SessionsController#new as HTML
  Parameters: {"user"=>{"remember_me"=>"0"}}
  Rendering devise/sessions/new.html.erb within layouts/application
  Rendered devise/shared/_links.html.erb (1.4ms)
  Rendered devise/sessions/new.html.erb within layouts/application (7.5ms)
  Rendered layouts/partials/_topnavbar.html.erb (2.0ms)
  Rendered layouts/partials/_sidebar.html.erb (2.3ms)
  Rendered layouts/partials/_offsidebar.html.erb (28.2ms)
  Rendered layouts/partials/_footer.html.erb (0.5ms)
Completed 200 OK in 197ms (Views: 195.0ms | ActiveRecord: 0.0ms)


Started GET "/api/i18n/site-es.json" for 127.0.0.1 at 2019-11-27 14:53:36 -0500
Processing by ApiController#i18n as JSON
  Parameters: {"locale"=>"site-es"}
  Rendering app/assets/i18n/site-es.json
  Rendered app/assets/i18n/site-es.json (0.6ms)
Completed 200 OK in 9ms (Views: 8.9ms | ActiveRecord: 0.0ms)


Started GET "/users/sign_in?user%5Bremember_me%5D=0" for 127.0.0.1 at 2019-11-27 16:58:52 -0500
Processing by Devise::SessionsController#new as HTML
  Parameters: {"user"=>{"remember_me"=>"0"}}
  Rendering devise/sessions/new.html.erb within layouts/application
  Rendered devise/shared/_links.html.erb (1.7ms)
  Rendered devise/sessions/new.html.erb within layouts/application (169.4ms)
  Rendered layouts/partials/_topnavbar.html.erb (9.7ms)
  Rendered layouts/partials/_sidebar.html.erb (18.6ms)
  Rendered layouts/partials/_offsidebar.html.erb (93.9ms)
  Rendered layouts/partials/_footer.html.erb (0.5ms)
Completed 200 OK in 1384ms (Views: 1380.5ms | ActiveRecord: 0.0ms)


Started GET "/api/i18n/site-es.json" for 127.0.0.1 at 2019-11-27 16:58:55 -0500
Processing by ApiController#i18n as JSON
  Parameters: {"locale"=>"site-es"}
  Rendering app/assets/i18n/site-es.json
  Rendered app/assets/i18n/site-es.json (0.7ms)
Completed 200 OK in 21ms (Views: 20.4ms | ActiveRecord: 0.0ms)


Started GET "/users/sign_in?user%5Bremember_me%5D=0" for 127.0.0.1 at 2019-11-27 16:59:47 -0500
Processing by Devise::SessionsController#new as HTML
  Parameters: {"user"=>{"remember_me"=>"0"}}
  Rendering devise/sessions/new.html.erb within layouts/application
  Rendered devise/shared/_links.html.erb (1.5ms)
  Rendered devise/sessions/new.html.erb within layouts/application (8.5ms)
  Rendered layouts/partials/_topnavbar.html.erb (2.4ms)
  Rendered layouts/partials/_sidebar.html.erb (1.7ms)
  Rendered layouts/partials/_offsidebar.html.erb (25.1ms)
  Rendered layouts/partials/_footer.html.erb (0.6ms)
Completed 200 OK in 180ms (Views: 178.0ms | ActiveRecord: 0.0ms)


Started GET "/api/i18n/site-es.json" for 127.0.0.1 at 2019-11-27 16:59:47 -0500
Processing by ApiController#i18n as JSON
  Parameters: {"locale"=>"site-es"}
  Rendering app/assets/i18n/site-es.json
  Rendered app/assets/i18n/site-es.json (0.6ms)
Completed 200 OK in 7ms (Views: 6.9ms | ActiveRecord: 0.0ms)


Started GET "/users/sign_in?user%5Bremember_me%5D=0" for 127.0.0.1 at 2019-11-27 17:00:05 -0500
Processing by Devise::SessionsController#new as HTML
  Parameters: {"user"=>{"remember_me"=>"0"}}
  Rendering devise/sessions/new.html.erb within layouts/application
  Rendered devise/shared/_links.html.erb (1.5ms)
  Rendered devise/sessions/new.html.erb within layouts/application (10.5ms)
  Rendered layouts/partials/_topnavbar.html.erb (3.2ms)
  Rendered layouts/partials/_sidebar.html.erb (3.2ms)
  Rendered layouts/partials/_offsidebar.html.erb (65.9ms)
  Rendered layouts/partials/_footer.html.erb (0.5ms)
Completed 200 OK in 219ms (Views: 217.0ms | ActiveRecord: 0.0ms)


Started GET "/api/i18n/site-es.json" for 127.0.0.1 at 2019-11-27 17:00:05 -0500
Processing by ApiController#i18n as JSON
  Parameters: {"locale"=>"site-es"}
  Rendering app/assets/i18n/site-es.json
  Rendered app/assets/i18n/site-es.json (0.4ms)
Completed 200 OK in 5ms (Views: 5.1ms | ActiveRecord: 0.0ms)


Started GET "/users/sign_in?user%5Bremember_me%5D=0" for 127.0.0.1 at 2019-11-27 17:00:46 -0500
Processing by Devise::SessionsController#new as HTML
  Parameters: {"user"=>{"remember_me"=>"0"}}
  Rendering devise/sessions/new.html.erb within layouts/application
  Rendered devise/shared/_links.html.erb (1.6ms)
  Rendered devise/sessions/new.html.erb within layouts/application (7.4ms)
  Rendered layouts/partials/_topnavbar.html.erb (2.2ms)
  Rendered layouts/partials/_sidebar.html.erb (2.0ms)
  Rendered layouts/partials/_offsidebar.html.erb (29.5ms)
  Rendered layouts/partials/_footer.html.erb (0.5ms)
Completed 200 OK in 192ms (Views: 189.9ms | ActiveRecord: 0.0ms)


Started GET "/api/i18n/site-es.json" for 127.0.0.1 at 2019-11-27 17:00:47 -0500
Processing by ApiController#i18n as JSON
  Parameters: {"locale"=>"site-es"}
  Rendering app/assets/i18n/site-es.json
  Rendered app/assets/i18n/site-es.json (0.5ms)
Completed 200 OK in 6ms (Views: 5.9ms | ActiveRecord: 0.0ms)


Started GET "/users/sign_in?user%5Bemail%5D=duvan.castelblanco%40meliusid.com&user%5Bpassword%5D=[FILTERED]&user%5Bremember_me%5D=0" for 127.0.0.1 at 2019-11-27 17:00:48 -0500
Processing by Devise::SessionsController#new as HTML
  Parameters: {"user"=>{"email"=>"duvan.castelblanco@meliusid.com", "password"=>"[FILTERED]", "remember_me"=>"0"}}
  Rendering devise/sessions/new.html.erb within layouts/application
  Rendered devise/shared/_links.html.erb (1.4ms)
  Rendered devise/sessions/new.html.erb within layouts/application (8.5ms)
  Rendered layouts/partials/_topnavbar.html.erb (2.3ms)
  Rendered layouts/partials/_sidebar.html.erb (2.6ms)
  Rendered layouts/partials/_offsidebar.html.erb (28.3ms)
  Rendered layouts/partials/_footer.html.erb (0.5ms)
Completed 200 OK in 2490ms (Views: 189.2ms | ActiveRecord: 0.0ms)


Started GET "/api/i18n/site-es.json" for 127.0.0.1 at 2019-11-27 17:00:51 -0500
Processing by ApiController#i18n as JSON
  Parameters: {"locale"=>"site-es"}
  Rendering app/assets/i18n/site-es.json
  Rendered app/assets/i18n/site-es.json (0.5ms)
Completed 200 OK in 6ms (Views: 5.8ms | ActiveRecord: 0.0ms)


Started GET "/users/sign_up" for 127.0.0.1 at 2019-11-27 17:07:19 -0500
Processing by Devise::RegistrationsController#new as HTML
  Rendering devise/registrations/new.html.erb within layouts/application
  Rendered devise/shared/_error_messages.html.erb (1.6ms)
  Rendered devise/shared/_links.html.erb (2.2ms)
  Rendered devise/registrations/new.html.erb within layouts/application (147.3ms)
  Rendered layouts/partials/_topnavbar.html.erb (35.0ms)
  Rendered layouts/partials/_sidebar.html.erb (19.2ms)
  Rendered layouts/partials/_offsidebar.html.erb (82.0ms)
  Rendered layouts/partials/_footer.html.erb (0.8ms)
Completed 200 OK in 1590ms (Views: 1571.9ms | ActiveRecord: 0.0ms)


Started GET "/api/i18n/site-es.json" for 127.0.0.1 at 2019-11-27 17:07:23 -0500
Processing by ApiController#i18n as JSON
  Parameters: {"locale"=>"site-es"}
  Rendering app/assets/i18n/site-es.json
  Rendered app/assets/i18n/site-es.json (0.6ms)
Completed 200 OK in 18ms (Views: 17.8ms | ActiveRecord: 0.0ms)


